[2026-05-25 13:27:54,744][__main__][INFO] - === Run: grid_capacity=0.0 MW  shift=10.0% ===
[2026-05-25 13:27:55,207][dc.network.ppa.profiles][INFO] - PVLib location_solar PPA farm (-27.47°, 153.03°): tilt=27.5° az=180.0° PR=0.70 | clear-sky yield=1683 MWh/MWp/yr → P50 yield=1178 MWh/MWp/yr | mean CF=0.1345  max CF=0.6505  zero-hours=4330
[2026-05-25 13:27:55,243][dc.network.builder][INFO] - Network built: 6 buses, 5 generators, 3 links, 2 stores
[2026-05-25 13:27:55,244][dc.network.solver][INFO] - Solving (snapshots=8736, components: 5G 3L 2S)
[2026-05-25 13:27:55,295][pypsa.consistency][WARNING] - Encountered nan's in static data for columns ['efficiency3', 'efficiency2'] of component 'Link'.
[2026-05-25 13:27:56,807][pypsa.optimization.constraints][WARNING] - StorageUnits ['facility_battery']: Cyclic state of charge constraint overrules initial storage level setting. User-defined state_of_charge_initial will be ignored.
[2026-05-25 13:27:56,893][pypsa.optimization.constraints][WARNING] - Stores ['compute_shift']: Cyclic energy level constraint overrules initial value setting. User-defined e_initial will be ignored.
[2026-05-25 13:27:57,109][linopy.model][INFO] -  Solve problem using Gurobi solver
[2026-05-25 13:27:57,109][linopy.model][INFO] - Solver options:
 - NumericFocus: 3
 - ObjScale: -1
 - ScaleFlag: 2
 - log_to_console: False
[2026-05-25 13:27:57,348][linopy.io][INFO] - Writing objective.
[2026-05-25 13:27:58,116][linopy.io][INFO] -  Writing time: 0.77s
[2026-05-25 13:27:58,144][gurobipy][INFO] - Set parameter WLSAccessID
[2026-05-25 13:27:58,144][gurobipy][INFO] - Set parameter WLSSecret
[2026-05-25 13:27:58,145][gurobipy][INFO] - Set parameter LicenseID to value 2709657
[2026-05-25 13:27:58,147][gurobipy][INFO] - Academic license 2709657 - for non-commercial use only - registered to n1___@qut.edu.au
[2026-05-25 13:27:58,545][gurobipy][INFO] - Read LP format model from file /tmp/linopy-problem-0ujnhnfm.lp
[2026-05-25 13:27:58,546][gurobipy][INFO] - Reading time = 0.40 seconds
[2026-05-25 13:27:58,548][gurobipy][INFO] - obj: 305770 rows, 131047 columns, 546048 nonzeros
[2026-05-25 13:27:58,549][gurobipy][INFO] - Set parameter NumericFocus to value 3
[2026-05-25 13:27:58,550][gurobipy][INFO] - Set parameter ObjScale to value -1
[2026-05-25 13:27:58,551][gurobipy][INFO] - Set parameter ScaleFlag to value 2
[2026-05-25 13:27:58,553][gurobipy][INFO] - Set parameter LogToConsole to value 0
[2026-05-25 13:27:58,557][gurobipy][INFO] - Gurobi Optimizer version 13.0.2 build v13.0.2rc1 (linux64 - "Debian GNU/Linux 13 (trixie)")
[2026-05-25 13:27:58,563][gurobipy][INFO] - 
[2026-05-25 13:27:58,566][gurobipy][INFO] - CPU model: 13th Gen Intel(R) Core(TM) i7-13620H, instruction set [SSE2|AVX|AVX2]
[2026-05-25 13:27:58,575][gurobipy][INFO] - Thread count: 8 physical cores, 16 logical processors, using up to 16 threads
[2026-05-25 13:27:58,579][gurobipy][INFO] - 
[2026-05-25 13:27:58,582][gurobipy][INFO] - Non-default parameters:
[2026-05-25 13:27:58,582][gurobipy][INFO] - ObjScale  -1
[2026-05-25 13:27:58,583][gurobipy][INFO] - ScaleFlag  2
[2026-05-25 13:27:58,584][gurobipy][INFO] - LogToConsole  0
[2026-05-25 13:27:58,592][gurobipy][INFO] - NumericFocus  3
[2026-05-25 13:27:58,596][gurobipy][INFO] - 
[2026-05-25 13:27:58,602][gurobipy][INFO] - Academic license 2709657 - for non-commercial use only - registered to n1___@qut.edu.au
[2026-05-25 13:27:58,605][gurobipy][INFO] - Optimize a model with 305770 rows, 131047 columns and 546048 nonzeros (Min)
[2026-05-25 13:27:58,620][gurobipy][INFO] - Model fingerprint: 0x79abefdb
[2026-05-25 13:27:58,622][gurobipy][INFO] - Model has 43684 linear objective coefficients
[2026-05-25 13:27:58,626][gurobipy][INFO] - Coefficient statistics:
[2026-05-25 13:27:58,627][gurobipy][INFO] -   Matrix range     [7e-07, 4e+00]
[2026-05-25 13:27:58,628][gurobipy][INFO] -   Objective range  [3e-03, 3e+05]
[2026-05-25 13:27:58,628][gurobipy][INFO] -   Bounds range     [0e+00, 0e+00]
[2026-05-25 13:27:58,630][gurobipy][INFO] -   RHS range        [6e+01, 1e+09]
[2026-05-25 13:27:58,631][gurobipy][INFO] - 
[2026-05-25 13:27:58,831][gurobipy][INFO] - Presolve removed 244618 rows and 78629 columns
[2026-05-25 13:27:58,832][gurobipy][INFO] - Presolve time: 0.23s
[2026-05-25 13:27:58,832][gurobipy][INFO] - Presolved: 61152 rows, 52418 columns, 165984 nonzeros
[2026-05-25 13:27:58,833][gurobipy][INFO] - 
[2026-05-25 13:27:58,847][gurobipy][INFO] - Iteration    Objective       Primal Inf.    Dual Inf.      Time
[2026-05-25 13:27:58,848][gurobipy][INFO] -        0    5.8662611e+07   0.000000e+00   0.000000e+00      0s
[2026-05-25 13:27:58,856][gurobipy][INFO] - 
[2026-05-25 13:27:58,857][gurobipy][INFO] - Use crossover to convert LP symmetric solution to basic solution...
[2026-05-25 13:27:58,865][gurobipy][INFO] - Crossover log...
[2026-05-25 13:27:58,865][gurobipy][INFO] - 
[2026-05-25 13:27:59,511][gurobipy][INFO] -     8737 DPushes remaining with DInf 0.0000000e+00                 1s
[2026-05-25 13:28:07,113][gurobipy][INFO] -        0 DPushes remaining with DInf 0.0000000e+00                 9s
[2026-05-25 13:28:07,128][gurobipy][INFO] - 
[2026-05-25 13:28:07,133][gurobipy][INFO] -        0 PPushes remaining with PInf 0.0000000e+00                 9s
[2026-05-25 13:28:07,146][gurobipy][INFO] - 
[2026-05-25 13:28:07,147][gurobipy][INFO] -   Push phase complete: Pinf 0.0000000e+00, Dinf 3.0306315e-16      9s
[2026-05-25 13:28:07,150][gurobipy][INFO] - 
[2026-05-25 13:28:07,193][gurobipy][INFO] - Crossover time: 8.34 seconds (10.39 work units)
[2026-05-25 13:28:07,365][gurobipy][INFO] - Iteration    Objective       Primal Inf.    Dual Inf.      Time
[2026-05-25 13:28:07,367][gurobipy][INFO] -        4    5.8662611e+07   0.000000e+00   0.000000e+00      9s
[2026-05-25 13:28:07,368][gurobipy][INFO] - 
[2026-05-25 13:28:07,369][gurobipy][INFO] - Solved in 4 iterations and 8.77 seconds (10.84 work units)
[2026-05-25 13:28:07,370][gurobipy][INFO] - Optimal objective  5.866261118e+07
[2026-05-25 13:28:09,071][gurobipy][INFO] - Warning: environment still referenced so free is deferred (Continue to use WLS)
[2026-05-25 13:28:09,075][linopy.constants][INFO] -  Optimization successful: 
Status: ok
Termination condition: optimal
Solution: 131047 primals, 305770 duals
Objective: 5.87e+07
Solver model: available
Solver message: 2

[2026-05-25 13:28:09,470][pypsa.optimization.optimize][INFO] - The shadow-prices of the constraints Generator-fix-p-lower, Generator-fix-p-upper, Generator-ext-p-lower, Generator-ext-p-upper, Link-fix-p-lower, Link-fix-p-upper, Link-ext-p-lower, Link-ext-p-upper, Store-fix-e-lower, Store-fix-e-upper, StorageUnit-ext-p_dispatch-lower, StorageUnit-ext-p_dispatch-upper, StorageUnit-ext-p_store-lower, StorageUnit-ext-p_store-upper, StorageUnit-ext-state_of_charge-lower, StorageUnit-ext-state_of_charge-upper, StorageUnit-energy_balance, Store-energy_balance were not assigned to the network.
[2026-05-25 13:28:09,629][dc.network.solver][INFO] - Solve complete: status=ok, condition=optimal
[2026-05-25 13:28:09,639][dc.network.solver][INFO] - 
══ Data Centre Metrics ══════════════════════════════════════════
  PUE   Power Usage Effectiveness  : 1.3400
  WUE   (IT cooling)               : 0.0120 kL/MWh_it
  WUE   (CCGT water)               : 1.8392 kL/MWh_it
  WUE   (total)                    : 1.8512 kL/MWh_it
  CUE   Carbon Usage Effectiveness : 0.0376 tCO₂/MWh_it
  REF   Renewable Energy Factor    : 0.0%
── Totals ────────────────────────────────────────────────────────
  IT load             :    655,200.0 MWh/yr
  Total facility      :    877,968.0 MWh/yr
  Water (IT)          :        7,862 kL/yr
  Water (CCGT)        :    1,205,054 kL/yr
  Water (total)       :    1,212,917 kL/yr
  Scope 1 CO₂         :     24,641.4 t/yr
  Renewable energy    :          0.0 MWh/yr
── Generation mix ───────────────────────────────────────────────
  Grid import          :          0.0 MWh  0.0%  [0.0 MW]
  CCGT                 :    877,968.0 MWh  100.0%  [197.1 MW]
  Solar PPA            :          0.0 MWh  0.0%  [0.0 MW]
  Wind PPA             :          0.0 MWh  0.0%  [0.0 MW]
  Rooftop solar        :          0.0 MWh  0.0%
  Battery (net)        :          0.0 MWh  [0.0 MWh]
── Load shifting ─────────────────────────────────────────────────
  Store capacity       :       60.0 MWh
  Deferred             :        0.0 MWh/yr
  Advanced             :        0.0 MWh/yr
  Net shift            :       -0.0 MWh/yr  (≈0 if cyclic)
  Utilisation          :       0.0%  of store capacity
  Peak facility draw   :      100.5 MW
═════════════════════════════════════════════════════════════════
[2026-05-25 13:28:09,644][__main__][INFO] - Solved | obj=58662611.18 | buses=6 generators=5 links=3 stores=2
[2026-05-25 13:28:09,880][pypsa.network.io][INFO] - Exported network 'Unnamed Network' saved to '/workspaces/Uni/ENN655/dc/output/sweeps/tier=0.0_shift=0.1/network.nc contains: sub_networks, buses, storage_units, links, stores, carriers, loads, generators
[2026-05-25 13:28:10,684][__main__][INFO] - Network saved → /workspaces/Uni/ENN655/dc/output/sweeps/tier=0.0_shift=0.1/network.nc
[2026-05-25 13:28:10,698][__main__][INFO] - Results saved → /workspaces/Uni/ENN655/dc/output/sweeps/tier=0.0_shift=0.1/results.json
