[2026-05-25 13:30:53,263][__main__][INFO] - === Run: grid_capacity=150.0 MW  shift=1.0% ===
[2026-05-25 13:30:53,721][dc.network.ppa.profiles][INFO] - PVLib location_solar PPA farm (-27.47°, 153.03°): tilt=27.5° az=180.0° PR=0.70 | clear-sky yield=1683 MWh/MWp/yr → P50 yield=1178 MWh/MWp/yr | mean CF=0.1345  max CF=0.6505  zero-hours=4330
[2026-05-25 13:30:53,756][dc.network.builder][INFO] - Network built: 6 buses, 5 generators, 3 links, 2 stores
[2026-05-25 13:30:53,757][dc.network.solver][INFO] - Solving (snapshots=8736, components: 5G 3L 2S)
[2026-05-25 13:30:53,811][pypsa.consistency][WARNING] - Encountered nan's in static data for columns ['efficiency3', 'efficiency2'] of component 'Link'.
[2026-05-25 13:30:55,352][pypsa.optimization.constraints][WARNING] - StorageUnits ['facility_battery']: Cyclic state of charge constraint overrules initial storage level setting. User-defined state_of_charge_initial will be ignored.
[2026-05-25 13:30:55,427][pypsa.optimization.constraints][WARNING] - Stores ['compute_shift']: Cyclic energy level constraint overrules initial value setting. User-defined e_initial will be ignored.
[2026-05-25 13:30:55,636][linopy.model][INFO] -  Solve problem using Gurobi solver
[2026-05-25 13:30:55,637][linopy.model][INFO] - Solver options:
 - NumericFocus: 3
 - ObjScale: -1
 - ScaleFlag: 2
 - log_to_console: False
[2026-05-25 13:30:55,878][linopy.io][INFO] - Writing objective.
[2026-05-25 13:30:56,680][linopy.io][INFO] -  Writing time: 0.8s
[2026-05-25 13:30:56,715][gurobipy][INFO] - Set parameter WLSAccessID
[2026-05-25 13:30:56,719][gurobipy][INFO] - Set parameter WLSSecret
[2026-05-25 13:30:56,722][gurobipy][INFO] - Set parameter LicenseID to value 2709657
[2026-05-25 13:30:56,727][gurobipy][INFO] - Academic license 2709657 - for non-commercial use only - registered to n1___@qut.edu.au
[2026-05-25 13:30:57,144][gurobipy][INFO] - Read LP format model from file /tmp/linopy-problem-vody9m_d.lp
[2026-05-25 13:30:57,144][gurobipy][INFO] - Reading time = 0.41 seconds
[2026-05-25 13:30:57,145][gurobipy][INFO] - obj: 305770 rows, 131047 columns, 546048 nonzeros
[2026-05-25 13:30:57,145][gurobipy][INFO] - Set parameter NumericFocus to value 3
[2026-05-25 13:30:57,145][gurobipy][INFO] - Set parameter ObjScale to value -1
[2026-05-25 13:30:57,146][gurobipy][INFO] - Set parameter ScaleFlag to value 2
[2026-05-25 13:30:57,146][gurobipy][INFO] - Set parameter LogToConsole to value 0
[2026-05-25 13:30:57,146][gurobipy][INFO] - Gurobi Optimizer version 13.0.2 build v13.0.2rc1 (linux64 - "Debian GNU/Linux 13 (trixie)")
[2026-05-25 13:30:57,146][gurobipy][INFO] - 
[2026-05-25 13:30:57,146][gurobipy][INFO] - CPU model: 13th Gen Intel(R) Core(TM) i7-13620H, instruction set [SSE2|AVX|AVX2]
[2026-05-25 13:30:57,147][gurobipy][INFO] - Thread count: 8 physical cores, 16 logical processors, using up to 16 threads
[2026-05-25 13:30:57,147][gurobipy][INFO] - 
[2026-05-25 13:30:57,147][gurobipy][INFO] - Non-default parameters:
[2026-05-25 13:30:57,147][gurobipy][INFO] - ObjScale  -1
[2026-05-25 13:30:57,147][gurobipy][INFO] - ScaleFlag  2
[2026-05-25 13:30:57,148][gurobipy][INFO] - LogToConsole  0
[2026-05-25 13:30:57,148][gurobipy][INFO] - NumericFocus  3
[2026-05-25 13:30:57,148][gurobipy][INFO] - 
[2026-05-25 13:30:57,149][gurobipy][INFO] - Academic license 2709657 - for non-commercial use only - registered to n1___@qut.edu.au
[2026-05-25 13:30:57,149][gurobipy][INFO] - Optimize a model with 305770 rows, 131047 columns and 546048 nonzeros (Min)
[2026-05-25 13:30:57,156][gurobipy][INFO] - Model fingerprint: 0x1405c12b
[2026-05-25 13:30:57,167][gurobipy][INFO] - Model has 43684 linear objective coefficients
[2026-05-25 13:30:57,171][gurobipy][INFO] - Coefficient statistics:
[2026-05-25 13:30:57,172][gurobipy][INFO] -   Matrix range     [7e-07, 4e+00]
[2026-05-25 13:30:57,173][gurobipy][INFO] -   Objective range  [3e-03, 3e+05]
[2026-05-25 13:30:57,173][gurobipy][INFO] -   Bounds range     [0e+00, 0e+00]
[2026-05-25 13:30:57,173][gurobipy][INFO] -   RHS range        [6e+00, 1e+09]
[2026-05-25 13:30:57,174][gurobipy][INFO] - 
[2026-05-25 13:30:57,408][gurobipy][INFO] - Presolve removed 235592 rows and 69601 columns
[2026-05-25 13:30:57,409][gurobipy][INFO] - Presolve time: 0.26s
[2026-05-25 13:30:57,409][gurobipy][INFO] - Presolved: 70178 rows, 61446 columns, 219125 nonzeros
[2026-05-25 13:30:57,410][gurobipy][INFO] - 
[2026-05-25 13:30:57,443][gurobipy][INFO] - Concurrent LP optimizer: primal simplex, dual simplex, and barrier
[2026-05-25 13:30:57,444][gurobipy][INFO] - Showing barrier log only...
[2026-05-25 13:30:57,444][gurobipy][INFO] - 
[2026-05-25 13:30:57,521][gurobipy][INFO] - Ordering time: 0.03s
[2026-05-25 13:30:57,546][gurobipy][INFO] - 
[2026-05-25 13:30:57,547][gurobipy][INFO] - Barrier statistics:
[2026-05-25 13:30:57,547][gurobipy][INFO] -  Dense cols : 4
[2026-05-25 13:30:57,548][gurobipy][INFO] -  AA' NZ     : 1.926e+05
[2026-05-25 13:30:57,548][gurobipy][INFO] -  Factor NZ  : 8.982e+05 (roughly 60 MB of memory)
[2026-05-25 13:30:57,549][gurobipy][INFO] -  Factor Ops : 1.387e+07 (less than 1 second per iteration)
[2026-05-25 13:30:57,549][gurobipy][INFO] -  Threads    : 1
[2026-05-25 13:30:57,583][gurobipy][INFO] - 
[2026-05-25 13:30:57,586][gurobipy][INFO] -                   Objective                Residual
[2026-05-25 13:30:57,587][gurobipy][INFO] - Iter       Primal          Dual         Primal    Dual     Compl     Time
[2026-05-25 13:30:57,591][gurobipy][INFO] -    0   1.19968018e+09 -2.68627579e+16  4.16e+03 4.55e-14  3.54e+06     0s
[2026-05-25 13:30:57,657][gurobipy][INFO] -    1   7.25956775e+08 -6.86539286e+15  1.09e+03 8.21e+01  7.44e+05     1s
[2026-05-25 13:30:57,737][gurobipy][INFO] -    2   6.40004414e+08 -1.70664155e+15  1.16e+02 2.56e+01  1.58e+05     1s
[2026-05-25 13:30:57,826][gurobipy][INFO] -    3   6.34188401e+08 -2.08022645e+14  1.15e+01 2.47e+00  1.75e+04     1s
[2026-05-25 13:30:57,916][gurobipy][INFO] -    4   6.33575897e+08 -2.34523532e+13  1.14e+00 2.48e-01  1.84e+03     1s
[2026-05-25 13:30:58,006][gurobipy][INFO] -    5   6.33649272e+08 -2.38743055e+12  1.13e-01 2.48e-02  1.85e+02     1s
[2026-05-25 13:30:58,098][gurobipy][INFO] -    6   6.32201122e+08 -2.40071016e+11  1.12e-02 2.47e-03  1.85e+01     1s
[2026-05-25 13:30:58,168][gurobipy][INFO] -    7   6.17544136e+08 -2.41789827e+10  1.11e-03 2.49e-04  1.90e+00     1s
[2026-05-25 13:30:58,240][gurobipy][INFO] -    8   5.13416546e+08 -2.58589689e+09  1.10e-04 2.64e-05  2.27e-01     1s
[2026-05-25 13:30:58,327][gurobipy][INFO] -    9   2.98200025e+08 -3.48872921e+08  1.09e-05 2.68e-06  4.17e-02     1s
[2026-05-25 13:30:58,441][gurobipy][INFO] -   10   1.14361186e+08 -2.89772870e+07  1.76e-06 2.90e-07  8.13e-03     1s
[2026-05-25 13:30:58,528][gurobipy][INFO] -   11   7.01049611e+07  3.56912517e+07  3.36e-07 4.41e-08  1.90e-03     1s
[2026-05-25 13:30:58,595][gurobipy][INFO] -   12   6.18868966e+07  5.01777333e+07  9.38e-08 1.35e-08  6.45e-04     1s
[2026-05-25 13:30:58,662][gurobipy][INFO] -   13   6.05774826e+07  5.50207797e+07  5.27e-08 4.59e-09  3.05e-04     2s
[2026-05-25 13:30:58,751][gurobipy][INFO] -   14   5.99800062e+07  5.76008795e+07  3.29e-08 9.54e-10  1.30e-04     2s
[2026-05-25 13:30:58,847][gurobipy][INFO] -   15   5.88227916e+07  5.84927405e+07  3.85e-09 2.17e-19  1.80e-05     2s
[2026-05-25 13:30:58,954][gurobipy][INFO] -   16   5.86773681e+07  5.85887410e+07  9.39e-10 3.25e-19  4.83e-06     2s
[2026-05-25 13:30:59,071][gurobipy][INFO] -   17   5.86500557e+07  5.86185536e+07  3.42e-10 3.25e-19  1.72e-06     2s
[2026-05-25 13:30:59,248][gurobipy][INFO] -   18   5.86418115e+07  5.86245356e+07  1.46e-10 2.17e-19  9.41e-07     2s
[2026-05-25 13:30:59,357][gurobipy][INFO] -   19   5.86392805e+07  5.86283893e+07  9.46e-11 2.17e-19  5.93e-07     2s
[2026-05-25 13:30:59,434][gurobipy][INFO] -   20   5.86374556e+07  5.86298179e+07  6.18e-11 2.17e-19  4.16e-07     2s
[2026-05-25 13:30:59,518][gurobipy][INFO] -   21   5.86365180e+07  5.86305847e+07  4.37e-11 2.17e-19  3.23e-07     2s
[2026-05-25 13:30:59,614][gurobipy][INFO] -   22   5.86359318e+07  5.86312129e+07  3.46e-11 3.25e-19  2.57e-07     2s
[2026-05-25 13:30:59,726][gurobipy][INFO] -   23   5.86356403e+07  5.86321480e+07  3.09e-11 2.31e-19  1.90e-07     3s
[2026-05-25 13:30:59,851][gurobipy][INFO] -   24   5.86352770e+07  5.86324027e+07  2.55e-11 2.17e-19  1.56e-07     3s
[2026-05-25 13:30:59,962][gurobipy][INFO] -   25   5.86349121e+07  5.86327038e+07  2.00e-11 2.39e-19  1.20e-07     3s
[2026-05-25 13:31:00,073][gurobipy][INFO] -   26   5.86346647e+07  5.86329837e+07  1.64e-11 3.25e-19  9.15e-08     3s
[2026-05-25 13:31:00,186][gurobipy][INFO] -   27   5.86345462e+07  5.86330433e+07  1.46e-11 3.25e-19  8.18e-08     3s
[2026-05-25 13:31:00,299][gurobipy][INFO] -   28   5.86344366e+07  5.86332218e+07  1.27e-11 3.25e-19  6.61e-08     3s
[2026-05-25 13:31:00,410][gurobipy][INFO] -   29   5.86341282e+07  5.86333616e+07  7.28e-12 3.25e-19  4.17e-08     3s
[2026-05-25 13:31:00,519][gurobipy][INFO] -   30   5.86340103e+07  5.86335230e+07  5.46e-12 2.17e-19  2.65e-08     3s
[2026-05-25 13:31:00,631][gurobipy][INFO] -   31   5.86339735e+07  5.86336125e+07  5.46e-12 2.17e-19  1.96e-08     3s
[2026-05-25 13:31:00,715][gurobipy][INFO] -   32   5.86339109e+07  5.86336795e+07  3.64e-12 3.25e-19  1.26e-08     4s
[2026-05-25 13:31:00,800][gurobipy][INFO] -   33   5.86338817e+07  5.86337161e+07  3.64e-12 2.17e-19  9.01e-09     4s
[2026-05-25 13:31:00,883][gurobipy][INFO] -   34   5.86338522e+07  5.86338036e+07  3.64e-12 2.17e-19  2.64e-09     4s
[2026-05-25 13:31:00,967][gurobipy][INFO] -   35   5.86338369e+07  5.86338277e+07  3.64e-12 2.17e-19  5.00e-10     4s
[2026-05-25 13:31:01,051][gurobipy][INFO] -   36   5.86338330e+07  5.86338314e+07  3.64e-12 3.25e-19  8.65e-11     4s
[2026-05-25 13:31:01,199][gurobipy][INFO] -   37   5.86338322e+07  5.86338318e+07  3.64e-12 2.17e-19  2.23e-11     4s
[2026-05-25 13:31:01,203][gurobipy][INFO] - 
[2026-05-25 13:31:01,204][gurobipy][INFO] - Barrier solved model in 37 iterations and 4.05 seconds (2.57 work units)
[2026-05-25 13:31:01,205][gurobipy][INFO] - Optimal objective 5.86338322e+07
[2026-05-25 13:31:01,206][gurobipy][INFO] - 
[2026-05-25 13:31:01,229][gurobipy][INFO] - Crossover log...
[2026-05-25 13:31:01,230][gurobipy][INFO] - 
[2026-05-25 13:31:01,272][gurobipy][INFO] -     2872 DPushes remaining with DInf 0.0000000e+00                 4s
[2026-05-25 13:31:01,341][gurobipy][INFO] -        0 DPushes remaining with DInf 0.0000000e+00                 4s
[2026-05-25 13:31:01,359][gurobipy][INFO] - 
[2026-05-25 13:31:01,360][gurobipy][INFO] -    22444 PPushes remaining with PInf 1.4953725e-01                 4s
[2026-05-25 13:31:02,153][gurobipy][INFO] -     4627 PPushes remaining with PInf 2.2109736e+01                 5s
[2026-05-25 13:31:02,331][gurobipy][INFO] -        0 PPushes remaining with PInf 2.2097423e+01                 5s
[2026-05-25 13:31:02,338][gurobipy][INFO] - 
[2026-05-25 13:31:02,339][gurobipy][INFO] -   Push phase complete: Pinf 2.2097423e+01, Dinf 3.6819877e-20      5s
[2026-05-25 13:31:02,340][gurobipy][INFO] - 
[2026-05-25 13:31:02,360][gurobipy][INFO] - Iteration    Objective       Primal Inf.    Dual Inf.      Time
[2026-05-25 13:31:02,361][gurobipy][INFO] -    24422    5.8633833e+07   0.000000e+00   6.518171e-01      5s
[2026-05-25 13:31:03,602][gurobipy][INFO] - Crossover time: 2.39 seconds (2.16 work units)
[2026-05-25 13:31:03,605][gurobipy][INFO] - 
[2026-05-25 13:31:03,606][gurobipy][INFO] - Solved with barrier
[2026-05-25 13:31:03,847][gurobipy][INFO] -    25956    5.8633832e+07   0.000000e+00   0.000000e+00      7s
[2026-05-25 13:31:03,849][gurobipy][INFO] - 
[2026-05-25 13:31:03,850][gurobipy][INFO] - Solved in 25956 iterations and 6.70 seconds (4.88 work units)
[2026-05-25 13:31:03,851][gurobipy][INFO] - Optimal objective  5.863383185e+07
[2026-05-25 13:31:06,205][gurobipy][INFO] - Warning: environment still referenced so free is deferred (Continue to use WLS)
[2026-05-25 13:31:06,209][linopy.constants][INFO] -  Optimization successful: 
Status: ok
Termination condition: optimal
Solution: 131047 primals, 305770 duals
Objective: 5.86e+07
Solver model: available
Solver message: 2

[2026-05-25 13:31:06,698][pypsa.optimization.optimize][INFO] - The shadow-prices of the constraints Generator-fix-p-lower, Generator-fix-p-upper, Generator-ext-p-lower, Generator-ext-p-upper, Link-fix-p-lower, Link-fix-p-upper, Link-ext-p-lower, Link-ext-p-upper, Store-fix-e-lower, Store-fix-e-upper, StorageUnit-ext-p_dispatch-lower, StorageUnit-ext-p_dispatch-upper, StorageUnit-ext-p_store-lower, StorageUnit-ext-p_store-upper, StorageUnit-ext-state_of_charge-lower, StorageUnit-ext-state_of_charge-upper, StorageUnit-energy_balance, Store-energy_balance were not assigned to the network.
[2026-05-25 13:31:06,947][dc.network.solver][INFO] - Solve complete: status=ok, condition=optimal
[2026-05-25 13:31:06,973][dc.network.solver][INFO] - 
══ Data Centre Metrics ══════════════════════════════════════════
  PUE   Power Usage Effectiveness  : 1.3400
  WUE   (IT cooling)               : 0.0120 kL/MWh_it
  WUE   (CCGT water)               : 1.8279 kL/MWh_it
  WUE   (total)                    : 1.8399 kL/MWh_it
  CUE   Carbon Usage Effectiveness : 0.0374 tCO₂/MWh_it
  REF   Renewable Energy Factor    : 0.6%
── Totals ────────────────────────────────────────────────────────
  IT load             :    655,200.0 MWh/yr
  Total facility      :    877,968.0 MWh/yr
  Water (IT)          :        7,862 kL/yr
  Water (CCGT)        :    1,197,638 kL/yr
  Water (total)       :    1,205,501 kL/yr
  Scope 1 CO₂         :     24,489.8 t/yr
  Renewable energy    :      5,541.4 MWh/yr
── Generation mix ───────────────────────────────────────────────
  Grid import          :      5,402.9 MWh  0.6%  [150.0 MW]
  CCGT                 :    872,565.1 MWh  98.8%  [195.8 MW]
  Solar PPA            :      5,518.8 MWh  0.6%  [1841.2 MW]
  Wind PPA             :         22.6 MWh  0.0%  [0.1 MW]
  Rooftop solar        :          0.0 MWh  0.0%
  Battery (net)        :          0.0 MWh  [0.0 MWh]
── Load shifting ─────────────────────────────────────────────────
  Store capacity       :        6.0 MWh
  Deferred             :    3,304.6 MWh/yr
  Advanced             :    3,304.2 MWh/yr
  Net shift            :        0.5 MWh/yr  (≈0 if cyclic)
  Utilisation          :      12.6%  of store capacity
  Peak facility draw   :      108.5 MW
═════════════════════════════════════════════════════════════════
[2026-05-25 13:31:06,975][__main__][INFO] - Solved | obj=58633831.85 | buses=6 generators=5 links=3 stores=2
[2026-05-25 13:31:07,309][pypsa.network.io][INFO] - Exported network 'Unnamed Network' saved to '/workspaces/Uni/ENN655/dc/output/sweeps/tier=150.0_shift=0.01/network.nc contains: sub_networks, buses, storage_units, links, stores, carriers, loads, generators
[2026-05-25 13:31:08,871][__main__][INFO] - Network saved → /workspaces/Uni/ENN655/dc/output/sweeps/tier=150.0_shift=0.01/network.nc
[2026-05-25 13:31:08,882][__main__][INFO] - Results saved → /workspaces/Uni/ENN655/dc/output/sweeps/tier=150.0_shift=0.01/results.json
