[2026-05-25 13:28:10,983][__main__][INFO] - === Run: grid_capacity=30.0 MW  shift=0.0% ===
[2026-05-25 13:28:12,006][dc.network.ppa.profiles][INFO] - PVLib location_solar PPA farm (-27.47°, 153.03°): tilt=27.5° az=180.0° PR=0.70 | clear-sky yield=1683 MWh/MWp/yr → P50 yield=1178 MWh/MWp/yr | mean CF=0.1345  max CF=0.6505  zero-hours=4330
[2026-05-25 13:28:12,041][dc.network.builder][INFO] - Network built: 6 buses, 5 generators, 3 links, 1 stores
[2026-05-25 13:28:12,042][dc.network.solver][INFO] - Solving (snapshots=8736, components: 5G 3L 1S)
[2026-05-25 13:28:12,091][pypsa.consistency][WARNING] - Encountered nan's in static data for columns ['efficiency3', 'efficiency2'] of component 'Link'.
[2026-05-25 13:28:13,549][pypsa.optimization.constraints][WARNING] - StorageUnits ['facility_battery']: Cyclic state of charge constraint overrules initial storage level setting. User-defined state_of_charge_initial will be ignored.
[2026-05-25 13:28:13,826][linopy.model][INFO] -  Solve problem using Gurobi solver
[2026-05-25 13:28:13,827][linopy.model][INFO] - Solver options:
 - NumericFocus: 3
 - ObjScale: -1
 - ScaleFlag: 2
 - log_to_console: False
[2026-05-25 13:28:14,055][linopy.io][INFO] - Writing objective.
[2026-05-25 13:28:14,804][linopy.io][INFO] -  Writing time: 0.75s
[2026-05-25 13:28:14,827][gurobipy][INFO] - Set parameter WLSAccessID
[2026-05-25 13:28:14,828][gurobipy][INFO] - Set parameter WLSSecret
[2026-05-25 13:28:14,828][gurobipy][INFO] - Set parameter LicenseID to value 2709657
[2026-05-25 13:28:14,831][gurobipy][INFO] - Academic license 2709657 - for non-commercial use only - registered to n1___@qut.edu.au
[2026-05-25 13:28:15,189][gurobipy][INFO] - Read LP format model from file /tmp/linopy-problem-i127v_pu.lp
[2026-05-25 13:28:15,190][gurobipy][INFO] - Reading time = 0.36 seconds
[2026-05-25 13:28:15,190][gurobipy][INFO] - obj: 279562 rows, 113575 columns, 493632 nonzeros
[2026-05-25 13:28:15,191][gurobipy][INFO] - Set parameter NumericFocus to value 3
[2026-05-25 13:28:15,191][gurobipy][INFO] - Set parameter ObjScale to value -1
[2026-05-25 13:28:15,192][gurobipy][INFO] - Set parameter ScaleFlag to value 2
[2026-05-25 13:28:15,192][gurobipy][INFO] - Set parameter LogToConsole to value 0
[2026-05-25 13:28:15,193][gurobipy][INFO] - Gurobi Optimizer version 13.0.2 build v13.0.2rc1 (linux64 - "Debian GNU/Linux 13 (trixie)")
[2026-05-25 13:28:15,193][gurobipy][INFO] - 
[2026-05-25 13:28:15,193][gurobipy][INFO] - CPU model: 13th Gen Intel(R) Core(TM) i7-13620H, instruction set [SSE2|AVX|AVX2]
[2026-05-25 13:28:15,194][gurobipy][INFO] - Thread count: 8 physical cores, 16 logical processors, using up to 16 threads
[2026-05-25 13:28:15,194][gurobipy][INFO] - 
[2026-05-25 13:28:15,194][gurobipy][INFO] - Non-default parameters:
[2026-05-25 13:28:15,195][gurobipy][INFO] - ObjScale  -1
[2026-05-25 13:28:15,195][gurobipy][INFO] - ScaleFlag  2
[2026-05-25 13:28:15,195][gurobipy][INFO] - LogToConsole  0
[2026-05-25 13:28:15,195][gurobipy][INFO] - NumericFocus  3
[2026-05-25 13:28:15,196][gurobipy][INFO] - 
[2026-05-25 13:28:15,196][gurobipy][INFO] - Academic license 2709657 - for non-commercial use only - registered to n1___@qut.edu.au
[2026-05-25 13:28:15,196][gurobipy][INFO] - Optimize a model with 279562 rows, 113575 columns and 493632 nonzeros (Min)
[2026-05-25 13:28:15,204][gurobipy][INFO] - Model fingerprint: 0xf8cce962
[2026-05-25 13:28:15,205][gurobipy][INFO] - Model has 43684 linear objective coefficients
[2026-05-25 13:28:15,207][gurobipy][INFO] - Coefficient statistics:
[2026-05-25 13:28:15,207][gurobipy][INFO] -   Matrix range     [7e-07, 4e+00]
[2026-05-25 13:28:15,208][gurobipy][INFO] -   Objective range  [3e-03, 3e+05]
[2026-05-25 13:28:15,208][gurobipy][INFO] -   Bounds range     [0e+00, 0e+00]
[2026-05-25 13:28:15,208][gurobipy][INFO] -   RHS range        [3e+01, 1e+09]
[2026-05-25 13:28:15,208][gurobipy][INFO] - 
[2026-05-25 13:28:15,375][gurobipy][INFO] - Presolve removed 218120 rows and 69601 columns
[2026-05-25 13:28:15,376][gurobipy][INFO] - Presolve time: 0.18s
[2026-05-25 13:28:15,376][gurobipy][INFO] - Presolved: 61442 rows, 43974 columns, 157973 nonzeros
[2026-05-25 13:28:15,377][gurobipy][INFO] - 
[2026-05-25 13:28:15,401][gurobipy][INFO] - Concurrent LP optimizer: primal simplex, dual simplex, and barrier
[2026-05-25 13:28:15,401][gurobipy][INFO] - Showing barrier log only...
[2026-05-25 13:28:15,402][gurobipy][INFO] - 
[2026-05-25 13:28:15,462][gurobipy][INFO] - Ordering time: 0.03s
[2026-05-25 13:28:15,481][gurobipy][INFO] - 
[2026-05-25 13:28:15,482][gurobipy][INFO] - Barrier statistics:
[2026-05-25 13:28:15,482][gurobipy][INFO] -  Dense cols : 4
[2026-05-25 13:28:15,483][gurobipy][INFO] -  AA' NZ     : 1.315e+05
[2026-05-25 13:28:15,483][gurobipy][INFO] -  Factor NZ  : 8.228e+05 (roughly 50 MB of memory)
[2026-05-25 13:28:15,484][gurobipy][INFO] -  Factor Ops : 1.201e+07 (less than 1 second per iteration)
[2026-05-25 13:28:15,486][gurobipy][INFO] -  Threads    : 1
[2026-05-25 13:28:15,510][gurobipy][INFO] - 
[2026-05-25 13:28:15,511][gurobipy][INFO] -                   Objective                Residual
[2026-05-25 13:28:15,512][gurobipy][INFO] - Iter       Primal          Dual         Primal    Dual     Compl     Time
[2026-05-25 13:28:15,514][gurobipy][INFO] -    0   1.84421882e+09 -3.83941933e+15  2.25e+03 4.55e-14  1.19e+06     0s
[2026-05-25 13:28:15,559][gurobipy][INFO] -    1   1.13080339e+09 -2.68370430e+15  5.93e+02 1.96e+02  3.50e+05     0s
[2026-05-25 13:28:15,620][gurobipy][INFO] -    2   9.67299735e+08 -9.89590896e+14  1.20e+02 3.48e+01  6.85e+04     0s
[2026-05-25 13:28:15,703][gurobipy][INFO] -    3   9.41010478e+08 -2.07540343e+14  1.82e+01 5.04e+00  1.06e+04     1s
[2026-05-25 13:28:15,764][gurobipy][INFO] -    4   9.36932014e+08 -2.92362857e+13  1.80e+00 5.11e-01  1.17e+03     1s
[2026-05-25 13:28:15,809][gurobipy][INFO] -    5   9.36103265e+08 -3.26452178e+12  1.78e-01 5.12e-02  1.20e+02     1s
[2026-05-25 13:28:15,857][gurobipy][INFO] -    6   9.33179588e+08 -3.27435238e+11  1.77e-02 5.12e-03  1.20e+01     1s
[2026-05-25 13:28:15,919][gurobipy][INFO] -    7   9.05396718e+08 -3.28783760e+10  1.75e-03 5.13e-04  1.21e+00     1s
[2026-05-25 13:28:15,965][gurobipy][INFO] -    8   6.94110344e+08 -3.30391431e+09  1.73e-04 5.24e-05  1.32e-01     1s
[2026-05-25 13:28:16,025][gurobipy][INFO] -    9   2.43986750e+08 -3.00710013e+08  1.72e-05 5.44e-06  1.53e-02     1s
[2026-05-25 13:28:16,100][gurobipy][INFO] -   10   1.14512327e+08  8.87129490e+06  2.10e-06 6.77e-07  2.38e-03     1s
[2026-05-25 13:28:16,156][gurobipy][INFO] -   11   6.90413861e+07  4.99944974e+07  2.67e-07 1.08e-07  3.76e-04     1s
[2026-05-25 13:28:16,200][gurobipy][INFO] -   12   6.15868556e+07  5.64469519e+07  6.95e-08 2.45e-08  9.78e-05     1s
[2026-05-25 13:28:16,242][gurobipy][INFO] -   13   5.98284345e+07  5.80752526e+07  2.75e-08 5.56e-09  3.27e-05     1s
[2026-05-25 13:28:16,285][gurobipy][INFO] -   14   5.93572741e+07  5.84346413e+07  1.41e-08 2.45e-09  1.71e-05     1s
[2026-05-25 13:28:16,367][gurobipy][INFO] -   15   5.90096688e+07  5.85759922e+07  6.64e-09 5.94e-10  7.93e-06     1s
[2026-05-25 13:28:16,471][gurobipy][INFO] -   16   5.87203213e+07  5.86511213e+07  1.02e-09 4.22e-11  1.26e-06     1s
[2026-05-25 13:28:16,556][gurobipy][INFO] -   17   5.86685748e+07  5.86614610e+07  1.04e-10 2.17e-19  1.29e-07     1s
[2026-05-25 13:28:16,616][gurobipy][INFO] -   18   5.86632099e+07  5.86624961e+07  1.05e-11 5.81e-18  1.29e-08     1s
[2026-05-25 13:28:16,673][gurobipy][INFO] -   19   5.86626711e+07  5.86625997e+07  1.36e-12 7.18e-19  1.29e-09     1s
[2026-05-25 13:28:16,719][gurobipy][INFO] -   20   5.86626172e+07  5.86626100e+07  4.55e-13 2.17e-19  1.29e-10     2s
[2026-05-25 13:28:16,769][gurobipy][INFO] -   21   5.86626118e+07  5.86626111e+07  4.55e-13 9.99e-16  1.29e-11     2s
[2026-05-25 13:28:16,820][gurobipy][INFO] -   22   5.86626112e+07  5.86626112e+07  4.55e-13 3.25e-19  1.29e-12     2s
[2026-05-25 13:28:16,823][gurobipy][INFO] - 
[2026-05-25 13:28:16,823][gurobipy][INFO] - Barrier solved model in 22 iterations and 1.63 seconds (1.27 work units)
[2026-05-25 13:28:16,824][gurobipy][INFO] - Optimal objective 5.86626112e+07
[2026-05-25 13:28:16,824][gurobipy][INFO] - 
[2026-05-25 13:28:16,838][gurobipy][INFO] - Crossover log...
[2026-05-25 13:28:16,840][gurobipy][INFO] - 
[2026-05-25 13:28:16,858][gurobipy][INFO] -     1808 DPushes remaining with DInf 8.1482387e-03                 2s
[2026-05-25 13:28:16,875][gurobipy][INFO] -        0 DPushes remaining with DInf 1.0771230e-02                 2s
[2026-05-25 13:28:16,886][gurobipy][INFO] - 
[2026-05-25 13:28:16,889][gurobipy][INFO] -     2355 PPushes remaining with PInf 7.6456867e-04                 2s
[2026-05-25 13:28:16,933][gurobipy][INFO] -        0 PPushes remaining with PInf 0.0000000e+00                 2s
[2026-05-25 13:28:16,939][gurobipy][INFO] - 
[2026-05-25 13:28:16,939][gurobipy][INFO] -   Push phase complete: Pinf 0.0000000e+00, Dinf 1.0771230e-02      2s
[2026-05-25 13:28:16,940][gurobipy][INFO] - 
[2026-05-25 13:28:16,954][gurobipy][INFO] - Iteration    Objective       Primal Inf.    Dual Inf.      Time
[2026-05-25 13:28:16,956][gurobipy][INFO] -     4166    5.8662611e+07   0.000000e+00   5.544748e-02      2s
[2026-05-25 13:28:17,737][gurobipy][INFO] - Crossover time: 0.91 seconds (1.11 work units)
[2026-05-25 13:28:17,747][gurobipy][INFO] - 
[2026-05-25 13:28:17,748][gurobipy][INFO] - Solved with barrier
[2026-05-25 13:28:17,895][gurobipy][INFO] -     4757    5.8662611e+07   0.000000e+00   0.000000e+00      3s
[2026-05-25 13:28:17,895][gurobipy][INFO] - 
[2026-05-25 13:28:17,896][gurobipy][INFO] - Solved in 4757 iterations and 2.70 seconds (2.51 work units)
[2026-05-25 13:28:17,896][gurobipy][INFO] - Optimal objective  5.866261118e+07
[2026-05-25 13:28:19,438][gurobipy][INFO] - Warning: environment still referenced so free is deferred (Continue to use WLS)
[2026-05-25 13:28:19,441][linopy.constants][INFO] -  Optimization successful: 
Status: ok
Termination condition: optimal
Solution: 113575 primals, 279562 duals
Objective: 5.87e+07
Solver model: available
Solver message: 2

[2026-05-25 13:28:19,836][pypsa.optimization.optimize][INFO] - The shadow-prices of the constraints Generator-fix-p-lower, Generator-fix-p-upper, Generator-ext-p-lower, Generator-ext-p-upper, Link-fix-p-lower, Link-fix-p-upper, Link-ext-p-lower, Link-ext-p-upper, Store-fix-e-lower, Store-fix-e-upper, StorageUnit-ext-p_dispatch-lower, StorageUnit-ext-p_dispatch-upper, StorageUnit-ext-p_store-lower, StorageUnit-ext-p_store-upper, StorageUnit-ext-state_of_charge-lower, StorageUnit-ext-state_of_charge-upper, StorageUnit-energy_balance, Store-energy_balance were not assigned to the network.
[2026-05-25 13:28:20,004][dc.network.solver][INFO] - Solve complete: status=ok, condition=optimal
[2026-05-25 13:28:20,015][dc.network.solver][INFO] - 
══ Data Centre Metrics ══════════════════════════════════════════
  PUE   Power Usage Effectiveness  : 1.3400
  WUE   (IT cooling)               : 0.0120 kL/MWh_it
  WUE   (CCGT water)               : 1.8392 kL/MWh_it
  WUE   (total)                    : 1.8512 kL/MWh_it
  CUE   Carbon Usage Effectiveness : 0.0376 tCO₂/MWh_it
  REF   Renewable Energy Factor    : 0.0%
── Totals ────────────────────────────────────────────────────────
  IT load             :    655,200.0 MWh/yr
  Total facility      :    877,968.0 MWh/yr
  Water (IT)          :        7,862 kL/yr
  Water (CCGT)        :    1,205,054 kL/yr
  Water (total)       :    1,212,917 kL/yr
  Scope 1 CO₂         :     24,641.4 t/yr
  Renewable energy    :          0.0 MWh/yr
── Generation mix ───────────────────────────────────────────────
  Grid import          :          0.0 MWh  0.0%  [30.0 MW]
  CCGT                 :    877,968.0 MWh  100.0%  [197.1 MW]
  Solar PPA            :          0.0 MWh  0.0%  [0.0 MW]
  Wind PPA             :          0.0 MWh  0.0%  [0.0 MW]
  Rooftop solar        :          0.0 MWh  0.0%
  Battery (net)        :          0.0 MWh  [0.0 MWh]
── Load shifting ─────────────────────────────────────────────────
  Load shifting        : disabled
═════════════════════════════════════════════════════════════════
[2026-05-25 13:28:20,016][__main__][INFO] - Solved | obj=58662611.18 | buses=6 generators=5 links=3 stores=1
[2026-05-25 13:28:20,282][pypsa.network.io][INFO] - Exported network 'Unnamed Network' saved to '/workspaces/Uni/ENN655/dc/output/sweeps/tier=30.0_shift=0.0/network.nc contains: sub_networks, buses, storage_units, links, stores, carriers, loads, generators
[2026-05-25 13:28:21,374][__main__][INFO] - Network saved → /workspaces/Uni/ENN655/dc/output/sweeps/tier=30.0_shift=0.0/network.nc
[2026-05-25 13:28:21,401][__main__][INFO] - Results saved → /workspaces/Uni/ENN655/dc/output/sweeps/tier=30.0_shift=0.0/results.json
