[2026-05-11 23:26:24,475][numexpr.utils][INFO] - NumExpr defaulting to 16 threads.
[2026-05-11 23:26:33,264][__main__][INFO] - === Data Centre Network Builder ===
[2026-05-11 23:26:33,265][__main__][INFO] - Facility  : DataCentre-Alpha
[2026-05-11 23:26:33,267][__main__][INFO] - Cooling   : air_cooled_chiller | liquid_immersion | cooling_tower
[2026-05-11 23:26:33,578][pypsa.consistency][WARNING] - The following links have buses which are not defined. Add them using n.add() or run n.sanitize() to add them automatically. Components with undefined buses:
Index(['grid_connection'], dtype='str', name='name')
[2026-05-11 23:26:33,690][pypsa.consistency][WARNING] - The following links have buses which are not defined. Add them using n.add() or run n.sanitize() to add them automatically. Components with undefined buses:
Index(['grid_connection'], dtype='str', name='name')
[2026-05-11 23:26:33,731][pypsa.consistency][WARNING] - The following links have buses which are not defined. Add them using n.add() or run n.sanitize() to add them automatically. Components with undefined buses:
Index(['grid_connection'], dtype='str', name='name')
[2026-05-11 23:26:33,772][pypsa.consistency][WARNING] - The following links have buses which are not defined. Add them using n.add() or run n.sanitize() to add them automatically. Components with undefined buses:
Index(['grid_connection'], dtype='str', name='name')
[2026-05-11 23:26:33,803][pypsa.consistency][WARNING] - The following links have buses which are not defined. Add them using n.add() or run n.sanitize() to add them automatically. Components with undefined buses:
Index(['grid_connection'], dtype='str', name='name')
[2026-05-11 23:26:33,853][pypsa.consistency][WARNING] - The following links have buses which are not defined. Add them using n.add() or run n.sanitize() to add them automatically. Components with undefined buses:
Index(['grid_connection'], dtype='str', name='name')
[2026-05-11 23:26:33,855][pypsa.consistency][WARNING] - The following links have buses which are not defined. Add them using n.add() or run n.sanitize() to add them automatically. Components with undefined buses:
Index(['CCGT'], dtype='str', name='name')
[2026-05-11 23:26:34,079][dc.network.ppa.profiles][INFO] - PVLib location_solar PPA farm (-27.47°, 153.03°): tilt=27.5° az=180.0° PR=0.70 | clear-sky yield=1683 MWh/MWp/yr → P50 yield=1178 MWh/MWp/yr | mean CF=0.1345  max CF=0.6505  zero-hours=4330
[2026-05-11 23:26:34,145][dc.network.builder][INFO] - Network built: 6 buses, 5 generators, 6 links, 0 stores
[2026-05-11 23:26:34,146][__main__][INFO] - Network   : 6 buses | 5 generators | 6 links | 0 stores
