[2026-05-25 13:30:36,445][__main__][INFO] - === Run: grid_capacity=150.0 MW  shift=0.1% ===
[2026-05-25 13:30:36,916][dc.network.ppa.profiles][INFO] - PVLib location_solar PPA farm (-27.47°, 153.03°): tilt=27.5° az=180.0° PR=0.70 | clear-sky yield=1683 MWh/MWp/yr → P50 yield=1178 MWh/MWp/yr | mean CF=0.1345  max CF=0.6505  zero-hours=4330
[2026-05-25 13:30:36,954][dc.network.builder][INFO] - Network built: 6 buses, 5 generators, 3 links, 2 stores
[2026-05-25 13:30:36,955][dc.network.solver][INFO] - Solving (snapshots=8736, components: 5G 3L 2S)
[2026-05-25 13:30:37,007][pypsa.consistency][WARNING] - Encountered nan's in static data for columns ['efficiency3', 'efficiency2'] of component 'Link'.
[2026-05-25 13:30:38,549][pypsa.optimization.constraints][WARNING] - StorageUnits ['facility_battery']: Cyclic state of charge constraint overrules initial storage level setting. User-defined state_of_charge_initial will be ignored.
[2026-05-25 13:30:38,629][pypsa.optimization.constraints][WARNING] - Stores ['compute_shift']: Cyclic energy level constraint overrules initial value setting. User-defined e_initial will be ignored.
[2026-05-25 13:30:38,838][linopy.model][INFO] -  Solve problem using Gurobi solver
[2026-05-25 13:30:38,839][linopy.model][INFO] - Solver options:
 - NumericFocus: 3
 - ObjScale: -1
 - ScaleFlag: 2
 - log_to_console: False
[2026-05-25 13:30:39,079][linopy.io][INFO] - Writing objective.
[2026-05-25 13:30:39,793][linopy.io][INFO] -  Writing time: 0.71s
[2026-05-25 13:30:39,820][gurobipy][INFO] - Set parameter WLSAccessID
[2026-05-25 13:30:39,820][gurobipy][INFO] - Set parameter WLSSecret
[2026-05-25 13:30:39,820][gurobipy][INFO] - Set parameter LicenseID to value 2709657
[2026-05-25 13:30:39,821][gurobipy][INFO] - Academic license 2709657 - for non-commercial use only - registered to n1___@qut.edu.au
[2026-05-25 13:30:40,235][gurobipy][INFO] - Read LP format model from file /tmp/linopy-problem-95xe3wrh.lp
[2026-05-25 13:30:40,236][gurobipy][INFO] - Reading time = 0.41 seconds
[2026-05-25 13:30:40,236][gurobipy][INFO] - obj: 305770 rows, 131047 columns, 546048 nonzeros
[2026-05-25 13:30:40,236][gurobipy][INFO] - Set parameter NumericFocus to value 3
[2026-05-25 13:30:40,236][gurobipy][INFO] - Set parameter ObjScale to value -1
[2026-05-25 13:30:40,237][gurobipy][INFO] - Set parameter ScaleFlag to value 2
[2026-05-25 13:30:40,237][gurobipy][INFO] - Set parameter LogToConsole to value 0
[2026-05-25 13:30:40,237][gurobipy][INFO] - Gurobi Optimizer version 13.0.2 build v13.0.2rc1 (linux64 - "Debian GNU/Linux 13 (trixie)")
[2026-05-25 13:30:40,238][gurobipy][INFO] - 
[2026-05-25 13:30:40,238][gurobipy][INFO] - CPU model: 13th Gen Intel(R) Core(TM) i7-13620H, instruction set [SSE2|AVX|AVX2]
[2026-05-25 13:30:40,238][gurobipy][INFO] - Thread count: 8 physical cores, 16 logical processors, using up to 16 threads
[2026-05-25 13:30:40,238][gurobipy][INFO] - 
[2026-05-25 13:30:40,239][gurobipy][INFO] - Non-default parameters:
[2026-05-25 13:30:40,239][gurobipy][INFO] - ObjScale  -1
[2026-05-25 13:30:40,239][gurobipy][INFO] - ScaleFlag  2
[2026-05-25 13:30:40,239][gurobipy][INFO] - LogToConsole  0
[2026-05-25 13:30:40,239][gurobipy][INFO] - NumericFocus  3
[2026-05-25 13:30:40,240][gurobipy][INFO] - 
[2026-05-25 13:30:40,240][gurobipy][INFO] - Academic license 2709657 - for non-commercial use only - registered to n1___@qut.edu.au
[2026-05-25 13:30:40,240][gurobipy][INFO] - Optimize a model with 305770 rows, 131047 columns and 546048 nonzeros (Min)
[2026-05-25 13:30:40,248][gurobipy][INFO] - Model fingerprint: 0xe8e88f9b
[2026-05-25 13:30:40,249][gurobipy][INFO] - Model has 43684 linear objective coefficients
[2026-05-25 13:30:40,251][gurobipy][INFO] - Coefficient statistics:
[2026-05-25 13:30:40,251][gurobipy][INFO] -   Matrix range     [7e-07, 4e+00]
[2026-05-25 13:30:40,252][gurobipy][INFO] -   Objective range  [3e-03, 3e+05]
[2026-05-25 13:30:40,252][gurobipy][INFO] -   Bounds range     [0e+00, 0e+00]
[2026-05-25 13:30:40,259][gurobipy][INFO] -   RHS range        [6e-01, 1e+09]
[2026-05-25 13:30:40,263][gurobipy][INFO] - 
[2026-05-25 13:30:40,523][gurobipy][INFO] - Presolve removed 235592 rows and 69601 columns
[2026-05-25 13:30:40,524][gurobipy][INFO] - Presolve time: 0.28s
[2026-05-25 13:30:40,525][gurobipy][INFO] - Presolved: 70178 rows, 61446 columns, 219125 nonzeros
[2026-05-25 13:30:40,525][gurobipy][INFO] - 
[2026-05-25 13:30:40,560][gurobipy][INFO] - Concurrent LP optimizer: primal simplex, dual simplex, and barrier
[2026-05-25 13:30:40,561][gurobipy][INFO] - Showing barrier log only...
[2026-05-25 13:30:40,562][gurobipy][INFO] - 
[2026-05-25 13:30:40,639][gurobipy][INFO] - Ordering time: 0.03s
[2026-05-25 13:30:40,666][gurobipy][INFO] - 
[2026-05-25 13:30:40,667][gurobipy][INFO] - Barrier statistics:
[2026-05-25 13:30:40,668][gurobipy][INFO] -  Dense cols : 4
[2026-05-25 13:30:40,668][gurobipy][INFO] -  AA' NZ     : 1.926e+05
[2026-05-25 13:30:40,669][gurobipy][INFO] -  Factor NZ  : 8.982e+05 (roughly 60 MB of memory)
[2026-05-25 13:30:40,669][gurobipy][INFO] -  Factor Ops : 1.387e+07 (less than 1 second per iteration)
[2026-05-25 13:30:40,670][gurobipy][INFO] -  Threads    : 1
[2026-05-25 13:30:40,702][gurobipy][INFO] - 
[2026-05-25 13:30:40,704][gurobipy][INFO] -                   Objective                Residual
[2026-05-25 13:30:40,704][gurobipy][INFO] - Iter       Primal          Dual         Primal    Dual     Compl     Time
[2026-05-25 13:30:40,708][gurobipy][INFO] -    0   1.19949758e+09 -2.68505068e+16  4.16e+03 4.55e-14  3.54e+06     0s
[2026-05-25 13:30:40,775][gurobipy][INFO] -    1   7.25870001e+08 -6.86956605e+15  1.09e+03 8.28e+01  7.45e+05     1s
[2026-05-25 13:30:40,873][gurobipy][INFO] -    2   6.39969926e+08 -1.69832554e+15  1.19e+02 2.56e+01  1.58e+05     1s
[2026-05-25 13:30:40,986][gurobipy][INFO] -    3   6.34002818e+08 -1.99427346e+14  1.18e+01 2.49e+00  1.72e+04     1s
[2026-05-25 13:30:41,084][gurobipy][INFO] -    4   6.33341822e+08 -2.11653855e+13  1.17e+00 2.49e-01  1.76e+03     1s
[2026-05-25 13:30:41,171][gurobipy][INFO] -    5   6.33417861e+08 -2.38348169e+12  1.16e-01 2.49e-02  1.87e+02     1s
[2026-05-25 13:30:41,259][gurobipy][INFO] -    6   6.31972082e+08 -2.43029542e+11  1.15e-02 2.49e-03  1.87e+01     1s
[2026-05-25 13:30:41,330][gurobipy][INFO] -    7   6.17392057e+08 -2.44831927e+10  1.14e-03 2.50e-04  1.92e+00     1s
[2026-05-25 13:30:41,397][gurobipy][INFO] -    8   5.13665607e+08 -2.61963394e+09  1.13e-04 2.66e-05  2.29e-01     1s
[2026-05-25 13:30:41,485][gurobipy][INFO] -    9   2.98630042e+08 -3.52296798e+08  1.12e-05 2.67e-06  4.19e-02     1s
[2026-05-25 13:30:41,591][gurobipy][INFO] -   10   1.14358485e+08 -2.95025272e+07  1.80e-06 2.90e-07  8.15e-03     1s
[2026-05-25 13:30:41,676][gurobipy][INFO] -   11   7.01320585e+07  3.57365843e+07  3.43e-07 4.37e-08  1.90e-03     1s
[2026-05-25 13:30:41,741][gurobipy][INFO] -   12   6.18490802e+07  5.01720140e+07  9.49e-08 1.34e-08  6.43e-04     2s
[2026-05-25 13:30:41,811][gurobipy][INFO] -   13   6.05982255e+07  5.61004875e+07  5.41e-08 2.63e-09  2.47e-04     2s
[2026-05-25 13:30:41,877][gurobipy][INFO] -   14   5.92890761e+07  5.80258382e+07  1.19e-08 4.84e-10  6.92e-05     2s
[2026-05-25 13:30:41,964][gurobipy][INFO] -   15   5.87564657e+07  5.85773952e+07  1.54e-09 2.17e-19  9.79e-06     2s
[2026-05-25 13:30:42,064][gurobipy][INFO] -   16   5.86759507e+07  5.86392823e+07  2.56e-10 2.17e-19  2.00e-06     2s
[2026-05-25 13:30:42,184][gurobipy][INFO] -   17   5.86633016e+07  5.86555888e+07  5.82e-11 6.77e-15  4.20e-07     2s
[2026-05-25 13:30:42,325][gurobipy][INFO] -   18   5.86611366e+07  5.86586399e+07  2.36e-11 1.52e-15  1.36e-07     2s
[2026-05-25 13:30:42,431][gurobipy][INFO] -   19   5.86606076e+07  5.86591817e+07  1.46e-11 7.37e-16  7.76e-08     2s
[2026-05-25 13:30:42,512][gurobipy][INFO] -   20   5.86603284e+07  5.86592965e+07  1.09e-11 5.84e-16  5.62e-08     2s
[2026-05-25 13:30:42,593][gurobipy][INFO] -   21   5.86601478e+07  5.86594090e+07  7.28e-12 4.42e-16  4.02e-08     2s
[2026-05-25 13:30:42,672][gurobipy][INFO] -   22   5.86600410e+07  5.86594793e+07  7.28e-12 3.45e-16  3.06e-08     2s
[2026-05-25 13:30:42,785][gurobipy][INFO] -   23   5.86599532e+07  5.86595641e+07  5.46e-12 2.37e-16  2.12e-08     3s
[2026-05-25 13:30:42,921][gurobipy][INFO] -   24   5.86599017e+07  5.86596172e+07  3.64e-12 1.59e-16  1.55e-08     3s
[2026-05-25 13:30:43,026][gurobipy][INFO] -   25   5.86598595e+07  5.86596394e+07  3.64e-12 1.23e-16  1.20e-08     3s
[2026-05-25 13:30:43,107][gurobipy][INFO] -   26   5.86598373e+07  5.86596567e+07  7.28e-12 9.99e-17  9.82e-09     3s
[2026-05-25 13:30:43,192][gurobipy][INFO] -   27   5.86598021e+07  5.86596714e+07  3.64e-12 8.13e-17  7.11e-09     3s
[2026-05-25 13:30:43,300][gurobipy][INFO] -   28   5.86597877e+07  5.86596822e+07  3.64e-12 6.59e-17  5.74e-09     3s
[2026-05-25 13:30:43,412][gurobipy][INFO] -   29   5.86597756e+07  5.86596883e+07  3.64e-12 5.76e-17  4.75e-09     3s
[2026-05-25 13:30:43,520][gurobipy][INFO] -   30   5.86597630e+07  5.86597079e+07  3.64e-12 3.25e-17  3.00e-09     3s
[2026-05-25 13:30:43,628][gurobipy][INFO] -   31   5.86597547e+07  5.86597159e+07  3.64e-12 2.21e-17  2.11e-09     3s
[2026-05-25 13:30:43,737][gurobipy][INFO] -   32   5.86597513e+07  5.86597208e+07  3.64e-12 1.55e-17  1.66e-09     3s
[2026-05-25 13:30:43,818][gurobipy][INFO] -   33   5.86597464e+07  5.86597257e+07  3.64e-12 9.18e-18  1.13e-09     4s
[2026-05-25 13:30:43,900][gurobipy][INFO] -   34   5.86597399e+07  5.86597271e+07  3.64e-12 7.51e-18  7.01e-10     4s
[2026-05-25 13:30:43,981][gurobipy][INFO] -   35   5.86597368e+07  5.86597290e+07  3.64e-12 5.17e-18  4.23e-10     4s
[2026-05-25 13:30:44,063][gurobipy][INFO] -   36   5.86597347e+07  5.86597326e+07  3.64e-12 5.85e-19  1.13e-10     4s
[2026-05-25 13:30:44,157][gurobipy][INFO] -   37   5.86597337e+07  5.86597332e+07  3.64e-12 5.27e-16  3.06e-11     4s
[2026-05-25 13:30:44,161][gurobipy][INFO] - 
[2026-05-25 13:30:44,162][gurobipy][INFO] - Barrier solved model in 37 iterations and 3.92 seconds (2.54 work units)
[2026-05-25 13:30:44,163][gurobipy][INFO] - Optimal objective 5.86597337e+07
[2026-05-25 13:30:44,164][gurobipy][INFO] - 
[2026-05-25 13:30:44,193][gurobipy][INFO] - Crossover log...
[2026-05-25 13:30:44,196][gurobipy][INFO] - 
[2026-05-25 13:30:44,225][gurobipy][INFO] -     2724 DPushes remaining with DInf 0.0000000e+00                 4s
[2026-05-25 13:30:44,274][gurobipy][INFO] -        0 DPushes remaining with DInf 0.0000000e+00                 4s
[2026-05-25 13:30:44,290][gurobipy][INFO] - 
[2026-05-25 13:30:44,292][gurobipy][INFO] -    22963 PPushes remaining with PInf 3.6678654e-04                 4s
[2026-05-25 13:30:45,241][gurobipy][INFO] -     6844 PPushes remaining with PInf 2.2663240e+00                 5s
[2026-05-25 13:30:45,713][gurobipy][INFO] -        0 PPushes remaining with PInf 2.2102638e+00                 5s
[2026-05-25 13:30:45,720][gurobipy][INFO] - 
[2026-05-25 13:30:45,731][gurobipy][INFO] -   Push phase complete: Pinf 2.2102638e+00, Dinf 3.6872403e-20      5s
[2026-05-25 13:30:45,731][gurobipy][INFO] - 
[2026-05-25 13:30:45,750][gurobipy][INFO] - Iteration    Objective       Primal Inf.    Dual Inf.      Time
[2026-05-25 13:30:45,751][gurobipy][INFO] -    24662    5.8659733e+07   0.000000e+00   3.500783e-01      6s
[2026-05-25 13:30:48,635][gurobipy][INFO] - Crossover time: 4.47 seconds (4.29 work units)
[2026-05-25 13:30:48,639][gurobipy][INFO] - 
[2026-05-25 13:30:48,640][gurobipy][INFO] - Solved with barrier
[2026-05-25 13:30:48,824][gurobipy][INFO] -    27359    5.8659733e+07   0.000000e+00   0.000000e+00      9s
[2026-05-25 13:30:48,825][gurobipy][INFO] - 
[2026-05-25 13:30:48,826][gurobipy][INFO] - Solved in 27359 iterations and 8.59 seconds (6.97 work units)
[2026-05-25 13:30:48,827][gurobipy][INFO] - Optimal objective  5.865973325e+07
[2026-05-25 13:30:50,611][gurobipy][INFO] - Warning: environment still referenced so free is deferred (Continue to use WLS)
[2026-05-25 13:30:50,614][linopy.constants][INFO] -  Optimization successful: 
Status: ok
Termination condition: optimal
Solution: 131047 primals, 305770 duals
Objective: 5.87e+07
Solver model: available
Solver message: 2

[2026-05-25 13:30:51,023][pypsa.optimization.optimize][INFO] - The shadow-prices of the constraints Generator-fix-p-lower, Generator-fix-p-upper, Generator-ext-p-lower, Generator-ext-p-upper, Link-fix-p-lower, Link-fix-p-upper, Link-ext-p-lower, Link-ext-p-upper, Store-fix-e-lower, Store-fix-e-upper, StorageUnit-ext-p_dispatch-lower, StorageUnit-ext-p_dispatch-upper, StorageUnit-ext-p_store-lower, StorageUnit-ext-p_store-upper, StorageUnit-ext-state_of_charge-lower, StorageUnit-ext-state_of_charge-upper, StorageUnit-energy_balance, Store-energy_balance were not assigned to the network.
[2026-05-25 13:30:51,186][dc.network.solver][INFO] - Solve complete: status=ok, condition=optimal
[2026-05-25 13:30:51,199][dc.network.solver][INFO] - 
══ Data Centre Metrics ══════════════════════════════════════════
  PUE   Power Usage Effectiveness  : 1.3400
  WUE   (IT cooling)               : 0.0120 kL/MWh_it
  WUE   (CCGT water)               : 1.8381 kL/MWh_it
  WUE   (total)                    : 1.8501 kL/MWh_it
  CUE   Carbon Usage Effectiveness : 0.0376 tCO₂/MWh_it
  REF   Renewable Energy Factor    : 0.1%
── Totals ────────────────────────────────────────────────────────
  IT load             :    655,200.0 MWh/yr
  Total facility      :    877,968.0 MWh/yr
  Water (IT)          :        7,862 kL/yr
  Water (CCGT)        :    1,204,313 kL/yr
  Water (total)       :    1,212,175 kL/yr
  Scope 1 CO₂         :     24,626.3 t/yr
  Renewable energy    :        554.1 MWh/yr
── Generation mix ───────────────────────────────────────────────
  Grid import          :        540.3 MWh  0.1%  [150.0 MW]
  CCGT                 :    877,427.7 MWh  99.9%  [196.9 MW]
  Solar PPA            :        551.9 MWh  0.1%  [184.1 MW]
  Wind PPA             :          2.3 MWh  0.0%  [0.0 MW]
  Rooftop solar        :          0.0 MWh  0.0%
  Battery (net)        :          0.0 MWh  [0.0 MWh]
── Load shifting ─────────────────────────────────────────────────
  Store capacity       :        0.6 MWh
  Deferred             :      330.3 MWh/yr
  Advanced             :      330.2 MWh/yr
  Net shift            :        0.0 MWh/yr  (≈0 if cyclic)
  Utilisation          :      12.6%  of store capacity
  Peak facility draw   :      101.3 MW
═════════════════════════════════════════════════════════════════
[2026-05-25 13:30:51,202][__main__][INFO] - Solved | obj=58659733.25 | buses=6 generators=5 links=3 stores=2
[2026-05-25 13:30:51,852][pypsa.network.io][INFO] - Exported network 'Unnamed Network' saved to '/workspaces/Uni/ENN655/dc/output/sweeps/tier=150.0_shift=0.001/network.nc contains: sub_networks, buses, storage_units, links, stores, carriers, loads, generators
[2026-05-25 13:30:52,998][__main__][INFO] - Network saved → /workspaces/Uni/ENN655/dc/output/sweeps/tier=150.0_shift=0.001/network.nc
[2026-05-25 13:30:53,013][__main__][INFO] - Results saved → /workspaces/Uni/ENN655/dc/output/sweeps/tier=150.0_shift=0.001/results.json
