[2026-05-25 13:28:37,932][__main__][INFO] - === Run: grid_capacity=30.0 MW  shift=1.0% ===
[2026-05-25 13:28:38,403][dc.network.ppa.profiles][INFO] - PVLib location_solar PPA farm (-27.47°, 153.03°): tilt=27.5° az=180.0° PR=0.70 | clear-sky yield=1683 MWh/MWp/yr → P50 yield=1178 MWh/MWp/yr | mean CF=0.1345  max CF=0.6505  zero-hours=4330
[2026-05-25 13:28:38,437][dc.network.builder][INFO] - Network built: 6 buses, 5 generators, 3 links, 2 stores
[2026-05-25 13:28:38,438][dc.network.solver][INFO] - Solving (snapshots=8736, components: 5G 3L 2S)
[2026-05-25 13:28:38,497][pypsa.consistency][WARNING] - Encountered nan's in static data for columns ['efficiency3', 'efficiency2'] of component 'Link'.
[2026-05-25 13:28:40,013][pypsa.optimization.constraints][WARNING] - StorageUnits ['facility_battery']: Cyclic state of charge constraint overrules initial storage level setting. User-defined state_of_charge_initial will be ignored.
[2026-05-25 13:28:40,093][pypsa.optimization.constraints][WARNING] - Stores ['compute_shift']: Cyclic energy level constraint overrules initial value setting. User-defined e_initial will be ignored.
[2026-05-25 13:28:40,317][linopy.model][INFO] -  Solve problem using Gurobi solver
[2026-05-25 13:28:40,318][linopy.model][INFO] - Solver options:
 - NumericFocus: 3
 - ObjScale: -1
 - ScaleFlag: 2
 - log_to_console: False
[2026-05-25 13:28:40,556][linopy.io][INFO] - Writing objective.
[2026-05-25 13:28:41,281][linopy.io][INFO] -  Writing time: 0.73s
[2026-05-25 13:28:41,317][gurobipy][INFO] - Set parameter WLSAccessID
[2026-05-25 13:28:41,318][gurobipy][INFO] - Set parameter WLSSecret
[2026-05-25 13:28:41,318][gurobipy][INFO] - Set parameter LicenseID to value 2709657
[2026-05-25 13:28:41,320][gurobipy][INFO] - Academic license 2709657 - for non-commercial use only - registered to n1___@qut.edu.au
[2026-05-25 13:28:41,754][gurobipy][INFO] - Read LP format model from file /tmp/linopy-problem-08itvno9.lp
[2026-05-25 13:28:41,754][gurobipy][INFO] - Reading time = 0.43 seconds
[2026-05-25 13:28:41,755][gurobipy][INFO] - obj: 305770 rows, 131047 columns, 546048 nonzeros
[2026-05-25 13:28:41,756][gurobipy][INFO] - Set parameter NumericFocus to value 3
[2026-05-25 13:28:41,756][gurobipy][INFO] - Set parameter ObjScale to value -1
[2026-05-25 13:28:41,757][gurobipy][INFO] - Set parameter ScaleFlag to value 2
[2026-05-25 13:28:41,757][gurobipy][INFO] - Set parameter LogToConsole to value 0
[2026-05-25 13:28:41,758][gurobipy][INFO] - Gurobi Optimizer version 13.0.2 build v13.0.2rc1 (linux64 - "Debian GNU/Linux 13 (trixie)")
[2026-05-25 13:28:41,759][gurobipy][INFO] - 
[2026-05-25 13:28:41,759][gurobipy][INFO] - CPU model: 13th Gen Intel(R) Core(TM) i7-13620H, instruction set [SSE2|AVX|AVX2]
[2026-05-25 13:28:41,760][gurobipy][INFO] - Thread count: 8 physical cores, 16 logical processors, using up to 16 threads
[2026-05-25 13:28:41,760][gurobipy][INFO] - 
[2026-05-25 13:28:41,762][gurobipy][INFO] - Non-default parameters:
[2026-05-25 13:28:41,763][gurobipy][INFO] - ObjScale  -1
[2026-05-25 13:28:41,764][gurobipy][INFO] - ScaleFlag  2
[2026-05-25 13:28:41,765][gurobipy][INFO] - LogToConsole  0
[2026-05-25 13:28:41,767][gurobipy][INFO] - NumericFocus  3
[2026-05-25 13:28:41,768][gurobipy][INFO] - 
[2026-05-25 13:28:41,770][gurobipy][INFO] - Academic license 2709657 - for non-commercial use only - registered to n1___@qut.edu.au
[2026-05-25 13:28:41,770][gurobipy][INFO] - Optimize a model with 305770 rows, 131047 columns and 546048 nonzeros (Min)
[2026-05-25 13:28:41,789][gurobipy][INFO] - Model fingerprint: 0xb969e110
[2026-05-25 13:28:41,792][gurobipy][INFO] - Model has 43684 linear objective coefficients
[2026-05-25 13:28:41,797][gurobipy][INFO] - Coefficient statistics:
[2026-05-25 13:28:41,798][gurobipy][INFO] -   Matrix range     [7e-07, 4e+00]
[2026-05-25 13:28:41,800][gurobipy][INFO] -   Objective range  [3e-03, 3e+05]
[2026-05-25 13:28:41,803][gurobipy][INFO] -   Bounds range     [0e+00, 0e+00]
[2026-05-25 13:28:41,805][gurobipy][INFO] -   RHS range        [6e+00, 1e+09]
[2026-05-25 13:28:41,806][gurobipy][INFO] - 
[2026-05-25 13:28:42,201][gurobipy][INFO] - Presolve removed 235592 rows and 69601 columns
[2026-05-25 13:28:42,202][gurobipy][INFO] - Presolve time: 0.43s
[2026-05-25 13:28:42,203][gurobipy][INFO] - Presolved: 70178 rows, 61446 columns, 219125 nonzeros
[2026-05-25 13:28:42,203][gurobipy][INFO] - 
[2026-05-25 13:28:42,233][gurobipy][INFO] - Concurrent LP optimizer: primal simplex, dual simplex, and barrier
[2026-05-25 13:28:42,234][gurobipy][INFO] - Showing barrier log only...
[2026-05-25 13:28:42,234][gurobipy][INFO] - 
[2026-05-25 13:28:42,316][gurobipy][INFO] - Ordering time: 0.04s
[2026-05-25 13:28:42,340][gurobipy][INFO] - 
[2026-05-25 13:28:42,343][gurobipy][INFO] - Barrier statistics:
[2026-05-25 13:28:42,343][gurobipy][INFO] -  Dense cols : 4
[2026-05-25 13:28:42,344][gurobipy][INFO] -  AA' NZ     : 1.926e+05
[2026-05-25 13:28:42,345][gurobipy][INFO] -  Factor NZ  : 8.982e+05 (roughly 60 MB of memory)
[2026-05-25 13:28:42,345][gurobipy][INFO] -  Factor Ops : 1.387e+07 (less than 1 second per iteration)
[2026-05-25 13:28:42,346][gurobipy][INFO] -  Threads    : 1
[2026-05-25 13:28:42,376][gurobipy][INFO] - 
[2026-05-25 13:28:42,377][gurobipy][INFO] -                   Objective                Residual
[2026-05-25 13:28:42,378][gurobipy][INFO] - Iter       Primal          Dual         Primal    Dual     Compl     Time
[2026-05-25 13:28:42,382][gurobipy][INFO] -    0   1.10352642e+09 -2.66401741e+16  3.82e+03 4.55e-14  3.36e+06     1s
[2026-05-25 13:28:42,440][gurobipy][INFO] -    1   6.60326355e+08 -6.33447897e+15  9.76e+02 7.45e+01  6.74e+05     1s
[2026-05-25 13:28:42,515][gurobipy][INFO] -    2   5.80139510e+08 -1.47441124e+15  1.63e+02 2.38e+01  1.44e+05     1s
[2026-05-25 13:28:42,613][gurobipy][INFO] -    3   5.67589035e+08 -2.07133056e+14  1.62e+01 2.50e+00  1.76e+04     1s
[2026-05-25 13:28:42,697][gurobipy][INFO] -    4   5.66723820e+08 -2.74778253e+13  1.60e+00 2.57e-01  2.04e+03     1s
[2026-05-25 13:28:42,759][gurobipy][INFO] -    5   5.66399024e+08 -2.84089058e+12  1.59e-01 2.57e-02  2.05e+02     1s
[2026-05-25 13:28:42,819][gurobipy][INFO] -    6   5.65036983e+08 -2.84479512e+11  1.57e-02 2.57e-03  2.05e+01     1s
[2026-05-25 13:28:42,896][gurobipy][INFO] -    7   5.51986854e+08 -2.86893978e+10  1.56e-03 2.52e-04  2.09e+00     1s
[2026-05-25 13:28:42,954][gurobipy][INFO] -    8   4.59019785e+08 -3.11353079e+09  1.55e-04 2.53e-05  2.47e-01     1s
[2026-05-25 13:28:43,037][gurobipy][INFO] -    9   2.68421186e+08 -3.71318536e+08  1.53e-05 2.67e-06  4.00e-02     1s
[2026-05-25 13:28:43,142][gurobipy][INFO] -   10   1.07956516e+08 -2.87678480e+07  2.37e-06 2.88e-07  7.72e-03     1s
[2026-05-25 13:28:43,233][gurobipy][INFO] -   11   6.73348196e+07  4.15154459e+07  3.13e-07 4.09e-08  1.43e-03     1s
[2026-05-25 13:28:43,305][gurobipy][INFO] -   12   6.06601546e+07  5.30952262e+07  7.48e-08 1.17e-08  4.18e-04     2s
[2026-05-25 13:28:43,379][gurobipy][INFO] -   13   5.96789824e+07  5.66216448e+07  3.78e-08 3.36e-09  1.68e-04     2s
[2026-05-25 13:28:43,449][gurobipy][INFO] -   14   5.94353469e+07  5.76226225e+07  2.54e-08 1.45e-09  9.97e-05     2s
[2026-05-25 13:28:43,542][gurobipy][INFO] -   15   5.88146504e+07  5.83587701e+07  4.25e-09 2.20e-12  2.50e-05     2s
[2026-05-25 13:28:43,691][gurobipy][INFO] -   16   5.86701281e+07  5.85811640e+07  8.44e-10 3.25e-19  4.86e-06     2s
[2026-05-25 13:28:43,817][gurobipy][INFO] -   17   5.86484908e+07  5.86147453e+07  3.27e-10 2.17e-19  1.84e-06     2s
[2026-05-25 13:28:43,920][gurobipy][INFO] -   18   5.86437671e+07  5.86207354e+07  2.15e-10 2.17e-19  1.26e-06     2s
[2026-05-25 13:28:44,026][gurobipy][INFO] -   19   5.86407576e+07  5.86249762e+07  1.42e-10 2.17e-19  8.60e-07     2s
[2026-05-25 13:28:44,130][gurobipy][INFO] -   20   5.86395602e+07  5.86275394e+07  1.16e-10 3.25e-19  6.55e-07     2s
[2026-05-25 13:28:44,249][gurobipy][INFO] -   21   5.86378527e+07  5.86299784e+07  8.19e-11 2.17e-19  4.29e-07     2s
[2026-05-25 13:28:44,400][gurobipy][INFO] -   22   5.86364918e+07  5.86311386e+07  5.28e-11 2.17e-19  2.91e-07     3s
[2026-05-25 13:28:44,517][gurobipy][INFO] -   23   5.86360405e+07  5.86320723e+07  4.37e-11 2.17e-19  2.16e-07     3s
[2026-05-25 13:28:44,608][gurobipy][INFO] -   24   5.86355804e+07  5.86324463e+07  3.64e-11 3.25e-19  1.71e-07     3s
[2026-05-25 13:28:44,699][gurobipy][INFO] -   25   5.86353650e+07  5.86325238e+07  3.27e-11 3.25e-19  1.55e-07     3s
[2026-05-25 13:28:44,823][gurobipy][INFO] -   26   5.86350075e+07  5.86328961e+07  2.55e-11 3.25e-19  1.15e-07     3s
[2026-05-25 13:28:44,943][gurobipy][INFO] -   27   5.86346865e+07  5.86332251e+07  1.82e-11 2.17e-19  7.95e-08     3s
[2026-05-25 13:28:45,063][gurobipy][INFO] -   28   5.86345174e+07  5.86333498e+07  1.46e-11 2.17e-19  6.35e-08     3s
[2026-05-25 13:28:45,185][gurobipy][INFO] -   29   5.86344559e+07  5.86334191e+07  1.46e-11 3.25e-19  5.64e-08     3s
[2026-05-25 13:28:45,277][gurobipy][INFO] -   30   5.86343169e+07  5.86334897e+07  1.09e-11 3.25e-19  4.50e-08     4s
[2026-05-25 13:28:45,396][gurobipy][INFO] -   31   5.86341841e+07  5.86336119e+07  9.09e-12 2.17e-19  3.11e-08     4s
[2026-05-25 13:28:45,519][gurobipy][INFO] -   32   5.86341178e+07  5.86336812e+07  9.09e-12 3.25e-19  2.38e-08     4s
[2026-05-25 13:28:45,642][gurobipy][INFO] -   33   5.86340358e+07  5.86337570e+07  7.28e-12 2.17e-19  1.52e-08     4s
[2026-05-25 13:28:45,736][gurobipy][INFO] -   34   5.86339232e+07  5.86337899e+07  3.64e-12 2.17e-19  7.26e-09     4s
[2026-05-25 13:28:45,831][gurobipy][INFO] -   35   5.86338792e+07  5.86338038e+07  3.64e-12 2.17e-19  4.10e-09     4s
[2026-05-25 13:28:45,927][gurobipy][INFO] -   36   5.86338507e+07  5.86338256e+07  3.64e-12 2.17e-19  1.37e-09     4s
[2026-05-25 13:28:46,021][gurobipy][INFO] -   37   5.86338347e+07  5.86338308e+07  3.64e-12 2.17e-19  2.12e-10     4s
[2026-05-25 13:28:46,164][gurobipy][INFO] -   38   5.86338328e+07  5.86338317e+07  3.64e-12 3.25e-19  5.98e-11     4s
[2026-05-25 13:28:46,385][gurobipy][INFO] -   39   5.86338323e+07  5.86338318e+07  3.64e-12 2.17e-19  2.69e-11     5s
[2026-05-25 13:28:46,392][gurobipy][INFO] - 
[2026-05-25 13:28:46,395][gurobipy][INFO] - Barrier solved model in 39 iterations and 4.62 seconds (2.73 work units)
[2026-05-25 13:28:46,407][gurobipy][INFO] - Optimal objective 5.86338323e+07
[2026-05-25 13:28:46,411][gurobipy][INFO] - 
[2026-05-25 13:28:46,460][gurobipy][INFO] - Crossover log...
[2026-05-25 13:28:46,471][gurobipy][INFO] - 
[2026-05-25 13:28:46,526][gurobipy][INFO] -     2801 DPushes remaining with DInf 0.0000000e+00                 5s
[2026-05-25 13:28:46,710][gurobipy][INFO] -        0 DPushes remaining with DInf 0.0000000e+00                 5s
[2026-05-25 13:28:46,732][gurobipy][INFO] - 
[2026-05-25 13:28:46,733][gurobipy][INFO] -    23262 PPushes remaining with PInf 0.0000000e+00                 5s
[2026-05-25 13:28:46,776][gurobipy][INFO] -    17641 PPushes remaining with PInf 2.2701778e+01                 5s
[2026-05-25 13:28:48,680][gurobipy][INFO] -        0 PPushes remaining with PInf 2.2579633e+01                 7s
[2026-05-25 13:28:48,690][gurobipy][INFO] - 
[2026-05-25 13:28:48,691][gurobipy][INFO] -   Push phase complete: Pinf 2.2579633e+01, Dinf 5.5693181e-18      7s
[2026-05-25 13:28:48,692][gurobipy][INFO] - 
[2026-05-25 13:28:48,714][gurobipy][INFO] - Iteration    Objective       Primal Inf.    Dual Inf.      Time
[2026-05-25 13:28:48,715][gurobipy][INFO] -    25049    5.8633832e+07   0.000000e+00   2.751713e-01      7s
[2026-05-25 13:28:51,837][gurobipy][INFO] -    26919    5.8633832e+07   0.000000e+00   1.987364e-02     10s
[2026-05-25 13:28:52,762][gurobipy][INFO] - Crossover time: 6.35 seconds (5.43 work units)
[2026-05-25 13:28:52,788][gurobipy][INFO] - 
[2026-05-25 13:28:52,789][gurobipy][INFO] - Solved with barrier
[2026-05-25 13:28:53,564][gurobipy][INFO] - 
[2026-05-25 13:28:53,565][gurobipy][INFO] - Extra simplex iterations after uncrush: 48
[2026-05-25 13:28:53,565][gurobipy][INFO] -    27908    5.8633832e+07   0.000000e+00   0.000000e+00     12s
[2026-05-25 13:28:53,566][gurobipy][INFO] - 
[2026-05-25 13:28:53,566][gurobipy][INFO] - Solved in 27908 iterations and 11.80 seconds (8.84 work units)
[2026-05-25 13:28:53,567][gurobipy][INFO] - Optimal objective  5.863383185e+07
[2026-05-25 13:28:55,239][gurobipy][INFO] - Warning: environment still referenced so free is deferred (Continue to use WLS)
[2026-05-25 13:28:55,242][linopy.constants][INFO] -  Optimization successful: 
Status: ok
Termination condition: optimal
Solution: 131047 primals, 305770 duals
Objective: 5.86e+07
Solver model: available
Solver message: 2

[2026-05-25 13:28:55,656][pypsa.optimization.optimize][INFO] - The shadow-prices of the constraints Generator-fix-p-lower, Generator-fix-p-upper, Generator-ext-p-lower, Generator-ext-p-upper, Link-fix-p-lower, Link-fix-p-upper, Link-ext-p-lower, Link-ext-p-upper, Store-fix-e-lower, Store-fix-e-upper, StorageUnit-ext-p_dispatch-lower, StorageUnit-ext-p_dispatch-upper, StorageUnit-ext-p_store-lower, StorageUnit-ext-p_store-upper, StorageUnit-ext-state_of_charge-lower, StorageUnit-ext-state_of_charge-upper, StorageUnit-energy_balance, Store-energy_balance were not assigned to the network.
[2026-05-25 13:28:55,819][dc.network.solver][INFO] - Solve complete: status=ok, condition=optimal
[2026-05-25 13:28:55,828][dc.network.solver][INFO] - 
══ Data Centre Metrics ══════════════════════════════════════════
  PUE   Power Usage Effectiveness  : 1.3400
  WUE   (IT cooling)               : 0.0120 kL/MWh_it
  WUE   (CCGT water)               : 1.8279 kL/MWh_it
  WUE   (total)                    : 1.8399 kL/MWh_it
  CUE   Carbon Usage Effectiveness : 0.0374 tCO₂/MWh_it
  REF   Renewable Energy Factor    : 0.6%
── Totals ────────────────────────────────────────────────────────
  IT load             :    655,200.0 MWh/yr
  Total facility      :    877,968.0 MWh/yr
  Water (IT)          :        7,862 kL/yr
  Water (CCGT)        :    1,197,638 kL/yr
  Water (total)       :    1,205,501 kL/yr
  Scope 1 CO₂         :     24,489.8 t/yr
  Renewable energy    :      5,541.4 MWh/yr
── Generation mix ───────────────────────────────────────────────
  Grid import          :      5,402.9 MWh  0.6%  [30.0 MW]
  CCGT                 :    872,565.1 MWh  98.8%  [195.8 MW]
  Solar PPA            :      5,518.8 MWh  0.6%  [1841.2 MW]
  Wind PPA             :         22.6 MWh  0.0%  [0.1 MW]
  Rooftop solar        :          0.0 MWh  0.0%
  Battery (net)        :          0.0 MWh  [0.0 MWh]
── Load shifting ─────────────────────────────────────────────────
  Store capacity       :        6.0 MWh
  Deferred             :    3,297.7 MWh/yr
  Advanced             :    3,297.2 MWh/yr
  Net shift            :        0.5 MWh/yr  (≈0 if cyclic)
  Utilisation          :      12.6%  of store capacity
  Peak facility draw   :      108.5 MW
═════════════════════════════════════════════════════════════════
[2026-05-25 13:28:55,829][__main__][INFO] - Solved | obj=58633831.85 | buses=6 generators=5 links=3 stores=2
[2026-05-25 13:28:56,076][pypsa.network.io][INFO] - Exported network 'Unnamed Network' saved to '/workspaces/Uni/ENN655/dc/output/sweeps/tier=30.0_shift=0.01/network.nc contains: sub_networks, buses, storage_units, links, stores, carriers, loads, generators
[2026-05-25 13:28:56,836][__main__][INFO] - Network saved → /workspaces/Uni/ENN655/dc/output/sweeps/tier=30.0_shift=0.01/network.nc
[2026-05-25 13:28:56,857][__main__][INFO] - Results saved → /workspaces/Uni/ENN655/dc/output/sweeps/tier=30.0_shift=0.01/results.json
