[2026-05-25 13:29:18,411][__main__][INFO] - === Run: grid_capacity=100.0 MW  shift=0.0% ===
[2026-05-25 13:29:18,835][dc.network.ppa.profiles][INFO] - PVLib location_solar PPA farm (-27.47°, 153.03°): tilt=27.5° az=180.0° PR=0.70 | clear-sky yield=1683 MWh/MWp/yr → P50 yield=1178 MWh/MWp/yr | mean CF=0.1345  max CF=0.6505  zero-hours=4330
[2026-05-25 13:29:19,173][dc.network.builder][INFO] - Network built: 6 buses, 5 generators, 3 links, 1 stores
[2026-05-25 13:29:19,173][dc.network.solver][INFO] - Solving (snapshots=8736, components: 5G 3L 1S)
[2026-05-25 13:29:19,227][pypsa.consistency][WARNING] - Encountered nan's in static data for columns ['efficiency3', 'efficiency2'] of component 'Link'.
[2026-05-25 13:29:20,607][pypsa.optimization.constraints][WARNING] - StorageUnits ['facility_battery']: Cyclic state of charge constraint overrules initial storage level setting. User-defined state_of_charge_initial will be ignored.
[2026-05-25 13:29:20,936][linopy.model][INFO] -  Solve problem using Gurobi solver
[2026-05-25 13:29:20,937][linopy.model][INFO] - Solver options:
 - NumericFocus: 3
 - ObjScale: -1
 - ScaleFlag: 2
 - log_to_console: False
[2026-05-25 13:29:21,165][linopy.io][INFO] - Writing objective.
[2026-05-25 13:29:21,842][linopy.io][INFO] -  Writing time: 0.68s
[2026-05-25 13:29:21,860][gurobipy][INFO] - Set parameter WLSAccessID
[2026-05-25 13:29:21,861][gurobipy][INFO] - Set parameter WLSSecret
[2026-05-25 13:29:21,861][gurobipy][INFO] - Set parameter LicenseID to value 2709657
[2026-05-25 13:29:21,862][gurobipy][INFO] - Academic license 2709657 - for non-commercial use only - registered to n1___@qut.edu.au
[2026-05-25 13:29:22,209][gurobipy][INFO] - Read LP format model from file /tmp/linopy-problem-dnlr7gxq.lp
[2026-05-25 13:29:22,210][gurobipy][INFO] - Reading time = 0.35 seconds
[2026-05-25 13:29:22,210][gurobipy][INFO] - obj: 279562 rows, 113575 columns, 493632 nonzeros
[2026-05-25 13:29:22,211][gurobipy][INFO] - Set parameter NumericFocus to value 3
[2026-05-25 13:29:22,211][gurobipy][INFO] - Set parameter ObjScale to value -1
[2026-05-25 13:29:22,211][gurobipy][INFO] - Set parameter ScaleFlag to value 2
[2026-05-25 13:29:22,212][gurobipy][INFO] - Set parameter LogToConsole to value 0
[2026-05-25 13:29:22,212][gurobipy][INFO] - Gurobi Optimizer version 13.0.2 build v13.0.2rc1 (linux64 - "Debian GNU/Linux 13 (trixie)")
[2026-05-25 13:29:22,212][gurobipy][INFO] - 
[2026-05-25 13:29:22,212][gurobipy][INFO] - CPU model: 13th Gen Intel(R) Core(TM) i7-13620H, instruction set [SSE2|AVX|AVX2]
[2026-05-25 13:29:22,213][gurobipy][INFO] - Thread count: 8 physical cores, 16 logical processors, using up to 16 threads
[2026-05-25 13:29:22,213][gurobipy][INFO] - 
[2026-05-25 13:29:22,213][gurobipy][INFO] - Non-default parameters:
[2026-05-25 13:29:22,213][gurobipy][INFO] - ObjScale  -1
[2026-05-25 13:29:22,213][gurobipy][INFO] - ScaleFlag  2
[2026-05-25 13:29:22,214][gurobipy][INFO] - LogToConsole  0
[2026-05-25 13:29:22,214][gurobipy][INFO] - NumericFocus  3
[2026-05-25 13:29:22,214][gurobipy][INFO] - 
[2026-05-25 13:29:22,215][gurobipy][INFO] - Academic license 2709657 - for non-commercial use only - registered to n1___@qut.edu.au
[2026-05-25 13:29:22,215][gurobipy][INFO] - Optimize a model with 279562 rows, 113575 columns and 493632 nonzeros (Min)
[2026-05-25 13:29:22,223][gurobipy][INFO] - Model fingerprint: 0xf09fc5d2
[2026-05-25 13:29:22,224][gurobipy][INFO] - Model has 43684 linear objective coefficients
[2026-05-25 13:29:22,225][gurobipy][INFO] - Coefficient statistics:
[2026-05-25 13:29:22,226][gurobipy][INFO] -   Matrix range     [7e-07, 4e+00]
[2026-05-25 13:29:22,226][gurobipy][INFO] -   Objective range  [3e-03, 3e+05]
[2026-05-25 13:29:22,226][gurobipy][INFO] -   Bounds range     [0e+00, 0e+00]
[2026-05-25 13:29:22,227][gurobipy][INFO] -   RHS range        [8e+01, 1e+09]
[2026-05-25 13:29:22,227][gurobipy][INFO] - 
[2026-05-25 13:29:22,386][gurobipy][INFO] - Presolve removed 218120 rows and 69601 columns
[2026-05-25 13:29:22,386][gurobipy][INFO] - Presolve time: 0.17s
[2026-05-25 13:29:22,387][gurobipy][INFO] - Presolved: 61442 rows, 43974 columns, 157973 nonzeros
[2026-05-25 13:29:22,387][gurobipy][INFO] - 
[2026-05-25 13:29:22,409][gurobipy][INFO] - Concurrent LP optimizer: primal simplex, dual simplex, and barrier
[2026-05-25 13:29:22,410][gurobipy][INFO] - Showing barrier log only...
[2026-05-25 13:29:22,411][gurobipy][INFO] - 
[2026-05-25 13:29:22,472][gurobipy][INFO] - Ordering time: 0.03s
[2026-05-25 13:29:22,490][gurobipy][INFO] - 
[2026-05-25 13:29:22,491][gurobipy][INFO] - Barrier statistics:
[2026-05-25 13:29:22,491][gurobipy][INFO] -  Dense cols : 4
[2026-05-25 13:29:22,491][gurobipy][INFO] -  AA' NZ     : 1.315e+05
[2026-05-25 13:29:22,492][gurobipy][INFO] -  Factor NZ  : 8.228e+05 (roughly 50 MB of memory)
[2026-05-25 13:29:22,492][gurobipy][INFO] -  Factor Ops : 1.201e+07 (less than 1 second per iteration)
[2026-05-25 13:29:22,493][gurobipy][INFO] -  Threads    : 1
[2026-05-25 13:29:22,513][gurobipy][INFO] - 
[2026-05-25 13:29:22,514][gurobipy][INFO] -                   Objective                Residual
[2026-05-25 13:29:22,515][gurobipy][INFO] - Iter       Primal          Dual         Primal    Dual     Compl     Time
[2026-05-25 13:29:22,518][gurobipy][INFO] -    0   2.09596191e+09 -4.55765520e+15  2.56e+03 4.55e-14  1.36e+06     0s
[2026-05-25 13:29:22,564][gurobipy][INFO] -    1   1.21398617e+09 -3.28007842e+15  5.46e+02 1.75e+02  3.57e+05     0s
[2026-05-25 13:29:22,628][gurobipy][INFO] -    2   1.06967916e+09 -1.14661514e+15  1.17e+02 3.22e+01  6.83e+04     0s
[2026-05-25 13:29:22,709][gurobipy][INFO] -    3   1.04562909e+09 -2.18516016e+14  1.16e+01 4.64e+00  9.98e+03     0s
[2026-05-25 13:29:22,780][gurobipy][INFO] -    4   1.04378199e+09 -2.56467017e+13  1.15e+00 4.65e-01  1.04e+03     1s
[2026-05-25 13:29:22,839][gurobipy][INFO] -    5   1.04309029e+09 -2.58632257e+12  1.14e-01 4.65e-02  1.04e+02     1s
[2026-05-25 13:29:22,897][gurobipy][INFO] -    6   1.03925930e+09 -2.58654741e+11  1.13e-02 4.65e-03  1.04e+01     1s
[2026-05-25 13:29:22,964][gurobipy][INFO] -    7   1.00263276e+09 -2.59498751e+10  1.12e-03 4.65e-04  1.05e+00     1s
[2026-05-25 13:29:23,012][gurobipy][INFO] -    8   7.36414144e+08 -2.59183327e+09  1.11e-04 4.69e-05  1.16e-01     1s
[2026-05-25 13:29:23,077][gurobipy][INFO] -    9   2.48127692e+08 -2.35094161e+08  1.10e-05 4.47e-06  1.40e-02     1s
[2026-05-25 13:29:23,156][gurobipy][INFO] -   10   1.11176021e+08  1.05623504e+07  1.30e-06 5.45e-07  2.29e-03     1s
[2026-05-25 13:29:23,220][gurobipy][INFO] -   11   6.99771811e+07  4.69020464e+07  1.69e-07 1.19e-07  4.66e-04     1s
[2026-05-25 13:29:23,266][gurobipy][INFO] -   12   6.23963082e+07  5.50717475e+07  5.68e-08 3.21e-08  1.42e-04     1s
[2026-05-25 13:29:23,312][gurobipy][INFO] -   13   6.09695657e+07  5.75556819e+07  3.18e-08 1.05e-08  6.45e-05     1s
[2026-05-25 13:29:23,360][gurobipy][INFO] -   14   5.99628988e+07  5.81839798e+07  1.61e-08 5.49e-09  3.34e-05     1s
[2026-05-25 13:29:23,425][gurobipy][INFO] -   15   5.91121993e+07  5.85457875e+07  5.23e-09 1.09e-09  1.05e-05     1s
[2026-05-25 13:29:23,527][gurobipy][INFO] -   16   5.87323927e+07  5.86487694e+07  7.71e-10 9.04e-11  1.53e-06     1s
[2026-05-25 13:29:23,614][gurobipy][INFO] -   17   5.86702572e+07  5.86611186e+07  8.28e-11 2.17e-19  1.67e-07     1s
[2026-05-25 13:29:23,680][gurobipy][INFO] -   18   5.86634500e+07  5.86624493e+07  9.09e-12 3.90e-13  1.82e-08     1s
[2026-05-25 13:29:23,746][gurobipy][INFO] -   19   5.86627021e+07  5.86625937e+07  1.36e-12 4.22e-14  1.96e-09     2s
[2026-05-25 13:29:23,801][gurobipy][INFO] -   20   5.86626210e+07  5.86626093e+07  4.55e-13 4.57e-15  2.13e-10     2s
[2026-05-25 13:29:23,851][gurobipy][INFO] -   21   5.86626122e+07  5.86626110e+07  4.55e-13 1.27e-16  2.30e-11     2s
[2026-05-25 13:29:23,905][gurobipy][INFO] -   22   5.86626113e+07  5.86626112e+07  4.55e-13 7.77e-16  2.49e-12     2s
[2026-05-25 13:29:23,909][gurobipy][INFO] - 
[2026-05-25 13:29:23,910][gurobipy][INFO] - Barrier solved model in 22 iterations and 1.69 seconds (1.26 work units)
[2026-05-25 13:29:23,911][gurobipy][INFO] - Optimal objective 5.86626113e+07
[2026-05-25 13:29:23,912][gurobipy][INFO] - 
[2026-05-25 13:29:23,929][gurobipy][INFO] - Crossover log...
[2026-05-25 13:29:23,929][gurobipy][INFO] - 
[2026-05-25 13:29:23,949][gurobipy][INFO] -     1237 DPushes remaining with DInf 1.9586105e-04                 2s
[2026-05-25 13:29:24,035][gurobipy][INFO] -        0 DPushes remaining with DInf 1.9155733e-04                 2s
[2026-05-25 13:29:24,047][gurobipy][INFO] - 
[2026-05-25 13:29:24,048][gurobipy][INFO] -     3228 PPushes remaining with PInf 2.5354362e-03                 2s
[2026-05-25 13:29:24,106][gurobipy][INFO] -        0 PPushes remaining with PInf 4.2517291e-01                 2s
[2026-05-25 13:29:24,112][gurobipy][INFO] - 
[2026-05-25 13:29:24,113][gurobipy][INFO] -   Push phase complete: Pinf 4.2517291e-01, Dinf 1.9155733e-04      2s
[2026-05-25 13:29:24,113][gurobipy][INFO] - 
[2026-05-25 13:29:24,130][gurobipy][INFO] - Iteration    Objective       Primal Inf.    Dual Inf.      Time
[2026-05-25 13:29:24,130][gurobipy][INFO] -     4468    5.8662611e+07   0.000000e+00   2.375296e-02      2s
[2026-05-25 13:29:24,430][gurobipy][INFO] - Crossover time: 0.52 seconds (0.56 work units)
[2026-05-25 13:29:24,432][gurobipy][INFO] - 
[2026-05-25 13:29:24,432][gurobipy][INFO] - Solved with barrier
[2026-05-25 13:29:26,384][gurobipy][INFO] - 
[2026-05-25 13:29:26,387][gurobipy][INFO] - Extra simplex iterations after uncrush: 280
[2026-05-25 13:29:26,392][gurobipy][INFO] -     4924    5.8662611e+07   0.000000e+00   0.000000e+00      4s
[2026-05-25 13:29:26,396][gurobipy][INFO] - 
[2026-05-25 13:29:26,408][gurobipy][INFO] - Solved in 4924 iterations and 4.18 seconds (5.05 work units)
[2026-05-25 13:29:26,411][gurobipy][INFO] - Optimal objective  5.866261118e+07
[2026-05-25 13:29:28,023][gurobipy][INFO] - Warning: environment still referenced so free is deferred (Continue to use WLS)
[2026-05-25 13:29:28,025][linopy.constants][INFO] -  Optimization successful: 
Status: ok
Termination condition: optimal
Solution: 113575 primals, 279562 duals
Objective: 5.87e+07
Solver model: available
Solver message: 2

[2026-05-25 13:29:28,426][pypsa.optimization.optimize][INFO] - The shadow-prices of the constraints Generator-fix-p-lower, Generator-fix-p-upper, Generator-ext-p-lower, Generator-ext-p-upper, Link-fix-p-lower, Link-fix-p-upper, Link-ext-p-lower, Link-ext-p-upper, Store-fix-e-lower, Store-fix-e-upper, StorageUnit-ext-p_dispatch-lower, StorageUnit-ext-p_dispatch-upper, StorageUnit-ext-p_store-lower, StorageUnit-ext-p_store-upper, StorageUnit-ext-state_of_charge-lower, StorageUnit-ext-state_of_charge-upper, StorageUnit-energy_balance, Store-energy_balance were not assigned to the network.
[2026-05-25 13:29:28,593][dc.network.solver][INFO] - Solve complete: status=ok, condition=optimal
[2026-05-25 13:29:28,601][dc.network.solver][INFO] - 
══ Data Centre Metrics ══════════════════════════════════════════
  PUE   Power Usage Effectiveness  : 1.3400
  WUE   (IT cooling)               : 0.0120 kL/MWh_it
  WUE   (CCGT water)               : 1.8392 kL/MWh_it
  WUE   (total)                    : 1.8512 kL/MWh_it
  CUE   Carbon Usage Effectiveness : 0.0376 tCO₂/MWh_it
  REF   Renewable Energy Factor    : 0.0%
── Totals ────────────────────────────────────────────────────────
  IT load             :    655,200.0 MWh/yr
  Total facility      :    877,968.0 MWh/yr
  Water (IT)          :        7,862 kL/yr
  Water (CCGT)        :    1,205,054 kL/yr
  Water (total)       :    1,212,917 kL/yr
  Scope 1 CO₂         :     24,641.4 t/yr
  Renewable energy    :          0.0 MWh/yr
── Generation mix ───────────────────────────────────────────────
  Grid import          :          0.0 MWh  0.0%  [100.0 MW]
  CCGT                 :    877,968.0 MWh  100.0%  [197.1 MW]
  Solar PPA            :          0.0 MWh  0.0%  [0.0 MW]
  Wind PPA             :          0.0 MWh  0.0%  [0.0 MW]
  Rooftop solar        :          0.0 MWh  0.0%
  Battery (net)        :          0.0 MWh  [0.0 MWh]
── Load shifting ─────────────────────────────────────────────────
  Load shifting        : disabled
═════════════════════════════════════════════════════════════════
[2026-05-25 13:29:28,602][__main__][INFO] - Solved | obj=58662611.18 | buses=6 generators=5 links=3 stores=1
[2026-05-25 13:29:28,842][pypsa.network.io][INFO] - Exported network 'Unnamed Network' saved to '/workspaces/Uni/ENN655/dc/output/sweeps/tier=100.0_shift=0.0/network.nc contains: sub_networks, buses, storage_units, links, stores, carriers, loads, generators
[2026-05-25 13:29:30,150][__main__][INFO] - Network saved → /workspaces/Uni/ENN655/dc/output/sweeps/tier=100.0_shift=0.0/network.nc
[2026-05-25 13:29:30,163][__main__][INFO] - Results saved → /workspaces/Uni/ENN655/dc/output/sweeps/tier=100.0_shift=0.0/results.json
